Using pre-set license
Built from '2022.3/staging' branch; Version is '2022.3.10f1 (ff3792e53c62) revision 16725906'; Using compiler version '192829333'; Build Type 'Release'
OS: 'Windows 11  (10.0.22621) 64bit Professional' Language: 'fr' Physical Memory: 16287 MB
BatchMode: 1, IsHumanControllingUs: 0, StartBugReporterOnCrash: 0, Is64bit: 1, IsPro: 1

COMMAND LINE ARGUMENTS:
C:\Program Files\Unity\Hub\Editor\2022.3.10f1\Editor\Unity.exe
-adb2
-batchMode
-noUpm
-name
AssetImportWorker2
-projectPath
C:/Programmation/M2_Gamagora/IA_JV
-logFile
Logs/AssetImportWorker2.log
-srvPort
59427
Successfully changed project path to: C:/Programmation/M2_Gamagora/IA_JV
C:/Programmation/M2_Gamagora/IA_JV
[UnityMemory] Configuration Parameters - Can be set up in boot.config
    "memorysetup-bucket-allocator-granularity=16"
    "memorysetup-bucket-allocator-bucket-count=8"
    "memorysetup-bucket-allocator-block-size=33554432"
    "memorysetup-bucket-allocator-block-count=8"
    "memorysetup-main-allocator-block-size=16777216"
    "memorysetup-thread-allocator-block-size=16777216"
    "memorysetup-gfx-main-allocator-block-size=16777216"
    "memorysetup-gfx-thread-allocator-block-size=16777216"
    "memorysetup-cache-allocator-block-size=4194304"
    "memorysetup-typetree-allocator-block-size=2097152"
    "memorysetup-profiler-bucket-allocator-granularity=16"
    "memorysetup-profiler-bucket-allocator-bucket-count=8"
    "memorysetup-profiler-bucket-allocator-block-size=33554432"
    "memorysetup-profiler-bucket-allocator-block-count=8"
    "memorysetup-profiler-allocator-block-size=16777216"
    "memorysetup-profiler-editor-allocator-block-size=1048576"
    "memorysetup-temp-allocator-size-main=16777216"
    "memorysetup-job-temp-allocator-block-size=2097152"
    "memorysetup-job-temp-allocator-block-size-background=1048576"
    "memorysetup-job-temp-allocator-reduction-small-platforms=262144"
    "memorysetup-allocator-temp-initial-block-size-main=262144"
    "memorysetup-allocator-temp-initial-block-size-worker=262144"
    "memorysetup-temp-allocator-size-background-worker=32768"
    "memorysetup-temp-allocator-size-job-worker=262144"
    "memorysetup-temp-allocator-size-preload-manager=33554432"
    "memorysetup-temp-allocator-size-nav-mesh-worker=65536"
    "memorysetup-temp-allocator-size-audio-worker=65536"
    "memorysetup-temp-allocator-size-cloud-worker=32768"
    "memorysetup-temp-allocator-size-gi-baking-worker=262144"
    "memorysetup-temp-allocator-size-gfx=262144"
Player connection [33740] Host "[IP] 192.168.56.1 [Port] 0 [Flags] 2 [Guid] 157075966 [EditorId] 157075966 [Version] 1048832 [Id] WindowsEditor(7,DESKTOP-HGU438E) [Debug] 1 [PackageName] WindowsEditor [ProjectName] Editor" joined multi-casting on [225.0.0.222:54997]...

Player connection [33740] Host "[IP] 192.168.56.1 [Port] 0 [Flags] 2 [Guid] 157075966 [EditorId] 157075966 [Version] 1048832 [Id] WindowsEditor(7,DESKTOP-HGU438E) [Debug] 1 [PackageName] WindowsEditor [ProjectName] Editor" joined alternative multi-casting on [225.0.0.222:34997]...

[Physics::Module] Initialized MultithreadedJobDispatcher with 11 workers.
Refreshing native plugins compatible for Editor in 353.00 ms, found 3 plugins.
Preloading 0 native plugins for Editor in 0.00 ms.
Initialize engine version: 2022.3.10f1 (ff3792e53c62)
[Subsystems] Discovering subsystems at path C:/Program Files/Unity/Hub/Editor/2022.3.10f1/Editor/Data/Resources/UnitySubsystems
[Subsystems] Discovering subsystems at path C:/Programmation/M2_Gamagora/IA_JV/Assets
GfxDevice: creating device client; threaded=0; jobified=0
Direct3D:
    Version:  Direct3D 11.0 [level 11.1]
    Renderer: NVIDIA GeForce GTX 1060 6GB (ID=0x1c03)
    Vendor:   NVIDIA
    VRAM:     6044 MB
    Driver:   31.0.15.3667
Initialize mono
Mono path[0] = 'C:/Program Files/Unity/Hub/Editor/2022.3.10f1/Editor/Data/Managed'
Mono path[1] = 'C:/Program Files/Unity/Hub/Editor/2022.3.10f1/Editor/Data/MonoBleedingEdge/lib/mono/unityjit-win32'
Mono config path = 'C:/Program Files/Unity/Hub/Editor/2022.3.10f1/Editor/Data/MonoBleedingEdge/etc'
Using monoOptions --debugger-agent=transport=dt_socket,embedding=1,server=y,suspend=n,address=127.0.0.1:56928
Begin MonoManager ReloadAssembly
Registering precompiled unity dll's ...
Register platform support module: C:/Program Files/Unity/Hub/Editor/2022.3.10f1/Editor/Data/PlaybackEngines/WindowsStandaloneSupport/UnityEditor.WindowsStandalone.Extensions.dll
Registered in 0.004277 seconds.
- Loaded All Assemblies, in  0.281 seconds
Native extension for WindowsStandalone target not found
Mono: successfully reloaded assembly
- Finished resetting the current domain, in  0.236 seconds
Domain Reload Profiling: 516ms
	BeginReloadAssembly (98ms)
		ExecutionOrderSort (0ms)
		DisableScriptedObjects (0ms)
		BackupInstance (0ms)
		ReleaseScriptingObjects (0ms)
		CreateAndSetChildDomain (1ms)
	RebuildCommonClasses (27ms)
	RebuildNativeTypeToScriptingClass (8ms)
	initialDomainReloadingComplete (44ms)
	LoadAllAssembliesAndSetupDomain (103ms)
		LoadAssemblies (97ms)
		RebuildTransferFunctionScriptingTraits (0ms)
		AnalyzeDomain (101ms)
			TypeCache.Refresh (100ms)
				TypeCache.ScanAssembly (89ms)
			ScanForSourceGeneratedMonoScriptInfo (0ms)
			ResolveRequiredComponents (1ms)
	FinalizeReload (236ms)
		ReleaseScriptCaches (0ms)
		RebuildScriptCaches (0ms)
		SetupLoadedEditorAssemblies (189ms)
			LogAssemblyErrors (0ms)
			InitializePlatformSupportModulesInManaged (7ms)
			SetLoadedEditorAssemblies (7ms)
			RefreshPlugins (0ms)
			BeforeProcessingInitializeOnLoad (2ms)
			ProcessInitializeOnLoadAttributes (123ms)
			ProcessInitializeOnLoadMethodAttributes (49ms)
			AfterProcessingInitializeOnLoad (0ms)
			EditorAssembliesLoaded (0ms)
		ExecutionOrderSort2 (0ms)
		AwakeInstancesAfterBackupRestoration (0ms)
========================================================================
Worker process is ready to serve import requests
Begin MonoManager ReloadAssembly
Symbol file LoadedFromMemory is not a mono symbol file
- Loaded All Assemblies, in  0.942 seconds
Refreshing native plugins compatible for Editor in 13.26 ms, found 3 plugins.
Native extension for WindowsStandalone target not found
Package Manager log level set to [2]
[Package Manager] Server::EnsureServerProcessIsRunning -- launch failed, reason: Unity was launched with the -noUpm command-line argument
[Package Manager] UpmClient::Send -- Unable to send message (not connected to UPM process).
[Package Manager] Cannot connect to Unity Package Manager local server
Mono: successfully reloaded assembly
- Finished resetting the current domain, in  0.617 seconds
Domain Reload Profiling: 1554ms
	BeginReloadAssembly (144ms)
		ExecutionOrderSort (0ms)
		DisableScriptedObjects (6ms)
		BackupInstance (0ms)
		ReleaseScriptingObjects (0ms)
		CreateAndSetChildDomain (24ms)
	RebuildCommonClasses (29ms)
	RebuildNativeTypeToScriptingClass (8ms)
	initialDomainReloadingComplete (37ms)
	LoadAllAssembliesAndSetupDomain (718ms)
		LoadAssemblies (518ms)
		RebuildTransferFunctionScriptingTraits (0ms)
		AnalyzeDomain (279ms)
			TypeCache.Refresh (230ms)
				TypeCache.ScanAssembly (205ms)
			ScanForSourceGeneratedMonoScriptInfo (37ms)
			ResolveRequiredComponents (10ms)
	FinalizeReload (618ms)
		ReleaseScriptCaches (0ms)
		RebuildScriptCaches (0ms)
		SetupLoadedEditorAssemblies (477ms)
			LogAssemblyErrors (0ms)
			InitializePlatformSupportModulesInManaged (5ms)
			SetLoadedEditorAssemblies (3ms)
			RefreshPlugins (0ms)
			BeforeProcessingInitializeOnLoad (76ms)
			ProcessInitializeOnLoadAttributes (301ms)
			ProcessInitializeOnLoadMethodAttributes (86ms)
			AfterProcessingInitializeOnLoad (6ms)
			EditorAssembliesLoaded (0ms)
		ExecutionOrderSort2 (0ms)
		AwakeInstancesAfterBackupRestoration (7ms)
Launched and connected shader compiler UnityShaderCompiler.exe after 0.04 seconds
Refreshing native plugins compatible for Editor in 9.71 ms, found 3 plugins.
Preloading 0 native plugins for Editor in 0.00 ms.
Unloading 5818 Unused Serialized files (Serialized files now loaded: 0)
Unloading 96 unused Assets / (361.6 KB). Loaded Objects now: 6257.
Memory consumption went from 215.4 MB to 215.1 MB.
Total: 5.683600 ms (FindLiveObjects: 0.870600 ms CreateObjectMapping: 0.569900 ms MarkObjects: 3.945500 ms  DeleteObjects: 0.296200 ms)

AssetImportParameters requested are different than current active one (requested -> active):
  custom:container-demuxer-ogg: 62fdf1f143b41e24485cea50d1cbac27 -> 
  custom:video-codec-MediaFoundation-h265: 746d11721c4dcdbdad8f713fa42b33f4 -> 
  custom:video-decoder-ogg-theora: a1e56fd34408186e4bbccfd4996cb3dc -> 
  custom:framework-win-MediaFoundation: 216162199b28c13a410421893ffa2e32 -> 
  custom:CustomObjectIndexerAttribute: a3ef5dd2817f97addfee359851a9dba5 -> 
  custom:container-demuxer-webm: 4f35f7cbe854078d1ac9338744f61a02 -> 
  custom:container-muxer-webm: aa71ff27fc2769a1b78a27578f13a17b -> 
  custom:video-decoder-webm-vp8: 9c59270c3fd7afecdb556c50c9e8de78 -> 
  custom:SearchIndexIgnoredProperties: e643bd26f0fe6173181afceb89e7c659 -> 
  custom:AudioImporter_EditorPlatform: d09bf68614088b80899f8185d706f6e7 -> 
  custom:video-encoder-webm-vp8: eb34c28f22e8b96e1ab97ce403110664 -> 
  custom:audio-decoder-ogg-vorbis: bf7c407c2cedff20999df2af8eb42d56 -> 
  custom:audio-encoder-webm-vorbis: bf7c407c2cedff20999df2af8eb42d56 -> 
========================================================================
Received Prepare
Begin MonoManager ReloadAssembly
Symbol file LoadedFromMemory is not a mono symbol file
- Loaded All Assemblies, in  0.455 seconds
Refreshing native plugins compatible for Editor in 8.03 ms, found 3 plugins.
Native extension for WindowsStandalone target not found
[Package Manager] Server::EnsureServerProcessIsRunning -- launch failed, reason: Unity was launched with the -noUpm command-line argument
[Package Manager] UpmClient::Send -- Unable to send message (not connected to UPM process).
[Package Manager] Cannot connect to Unity Package Manager local server
Mono: successfully reloaded assembly
- Finished resetting the current domain, in  1.648 seconds
Domain Reload Profiling: 2100ms
	BeginReloadAssembly (137ms)
		ExecutionOrderSort (0ms)
		DisableScriptedObjects (5ms)
		BackupInstance (0ms)
		ReleaseScriptingObjects (0ms)
		CreateAndSetChildDomain (43ms)
	RebuildCommonClasses (28ms)
	RebuildNativeTypeToScriptingClass (9ms)
	initialDomainReloadingComplete (22ms)
	LoadAllAssembliesAndSetupDomain (257ms)
		LoadAssemblies (299ms)
		RebuildTransferFunctionScriptingTraits (0ms)
		AnalyzeDomain (19ms)
			TypeCache.Refresh (8ms)
				TypeCache.ScanAssembly (0ms)
			ScanForSourceGeneratedMonoScriptInfo (0ms)
			ResolveRequiredComponents (10ms)
	FinalizeReload (1648ms)
		ReleaseScriptCaches (0ms)
		RebuildScriptCaches (0ms)
		SetupLoadedEditorAssemblies (364ms)
			LogAssemblyErrors (0ms)
			InitializePlatformSupportModulesInManaged (4ms)
			SetLoadedEditorAssemblies (3ms)
			RefreshPlugins (0ms)
			BeforeProcessingInitializeOnLoad (63ms)
			ProcessInitializeOnLoadAttributes (228ms)
			ProcessInitializeOnLoadMethodAttributes (60ms)
			AfterProcessingInitializeOnLoad (6ms)
			EditorAssembliesLoaded (0ms)
		ExecutionOrderSort2 (0ms)
		AwakeInstancesAfterBackupRestoration (6ms)
Refreshing native plugins compatible for Editor in 5.33 ms, found 3 plugins.
Preloading 0 native plugins for Editor in 0.00 ms.
Unloading 5668 Unused Serialized files (Serialized files now loaded: 0)
Unloading 66 unused Assets / (330.4 KB). Loaded Objects now: 6261.
Memory consumption went from 190.0 MB to 189.7 MB.
Total: 3.458100 ms (FindLiveObjects: 0.414400 ms CreateObjectMapping: 0.155800 ms MarkObjects: 2.728800 ms  DeleteObjects: 0.158000 ms)

Prepare: number of updated asset objects reloaded= 0
AssetImportParameters requested are different than current active one (requested -> active):
  custom:container-demuxer-ogg: 62fdf1f143b41e24485cea50d1cbac27 -> 
  custom:video-codec-MediaFoundation-h265: 746d11721c4dcdbdad8f713fa42b33f4 -> 
  custom:video-decoder-ogg-theora: a1e56fd34408186e4bbccfd4996cb3dc -> 
  custom:framework-win-MediaFoundation: 216162199b28c13a410421893ffa2e32 -> 
  custom:CustomObjectIndexerAttribute: a3ef5dd2817f97addfee359851a9dba5 -> 
  custom:container-demuxer-webm: 4f35f7cbe854078d1ac9338744f61a02 -> 
  custom:container-muxer-webm: aa71ff27fc2769a1b78a27578f13a17b -> 
  custom:video-decoder-webm-vp8: 9c59270c3fd7afecdb556c50c9e8de78 -> 
  custom:SearchIndexIgnoredProperties: e643bd26f0fe6173181afceb89e7c659 -> 
  custom:AudioImporter_EditorPlatform: d09bf68614088b80899f8185d706f6e7 -> 
  custom:video-encoder-webm-vp8: eb34c28f22e8b96e1ab97ce403110664 -> 
  custom:audio-decoder-ogg-vorbis: bf7c407c2cedff20999df2af8eb42d56 -> 
  custom:audio-encoder-webm-vorbis: bf7c407c2cedff20999df2af8eb42d56 -> 
========================================================================
Received Prepare
Begin MonoManager ReloadAssembly
Symbol file LoadedFromMemory is not a mono symbol file
- Loaded All Assemblies, in  0.414 seconds
Refreshing native plugins compatible for Editor in 5.13 ms, found 3 plugins.
Native extension for WindowsStandalone target not found
[Package Manager] Server::EnsureServerProcessIsRunning -- launch failed, reason: Unity was launched with the -noUpm command-line argument
[Package Manager] UpmClient::Send -- Unable to send message (not connected to UPM process).
[Package Manager] Cannot connect to Unity Package Manager local server
Mono: successfully reloaded assembly
- Finished resetting the current domain, in  0.893 seconds
Domain Reload Profiling: 1303ms
	BeginReloadAssembly (129ms)
		ExecutionOrderSort (0ms)
		DisableScriptedObjects (5ms)
		BackupInstance (0ms)
		ReleaseScriptingObjects (0ms)
		CreateAndSetChildDomain (36ms)
	RebuildCommonClasses (24ms)
	RebuildNativeTypeToScriptingClass (8ms)
	initialDomainReloadingComplete (23ms)
	LoadAllAssembliesAndSetupDomain (226ms)
		LoadAssemblies (265ms)
		RebuildTransferFunctionScriptingTraits (0ms)
		AnalyzeDomain (20ms)
			TypeCache.Refresh (8ms)
				TypeCache.ScanAssembly (0ms)
			ScanForSourceGeneratedMonoScriptInfo (0ms)
			ResolveRequiredComponents (11ms)
	FinalizeReload (893ms)
		ReleaseScriptCaches (0ms)
		RebuildScriptCaches (0ms)
		SetupLoadedEditorAssemblies (362ms)
			LogAssemblyErrors (0ms)
			InitializePlatformSupportModulesInManaged (4ms)
			SetLoadedEditorAssemblies (4ms)
			RefreshPlugins (0ms)
			BeforeProcessingInitializeOnLoad (63ms)
			ProcessInitializeOnLoadAttributes (227ms)
			ProcessInitializeOnLoadMethodAttributes (60ms)
			AfterProcessingInitializeOnLoad (4ms)
			EditorAssembliesLoaded (0ms)
		ExecutionOrderSort2 (0ms)
		AwakeInstancesAfterBackupRestoration (7ms)
Refreshing native plugins compatible for Editor in 5.48 ms, found 3 plugins.
Preloading 0 native plugins for Editor in 0.00 ms.
Unloading 5668 Unused Serialized files (Serialized files now loaded: 0)
Unloading 66 unused Assets / (330.4 KB). Loaded Objects now: 6265.
Memory consumption went from 190.0 MB to 189.7 MB.
Total: 3.209200 ms (FindLiveObjects: 0.391400 ms CreateObjectMapping: 0.144300 ms MarkObjects: 2.548500 ms  DeleteObjects: 0.124100 ms)

Prepare: number of updated asset objects reloaded= 0
AssetImportParameters requested are different than current active one (requested -> active):
  custom:container-demuxer-ogg: 62fdf1f143b41e24485cea50d1cbac27 -> 
  custom:video-codec-MediaFoundation-h265: 746d11721c4dcdbdad8f713fa42b33f4 -> 
  custom:video-decoder-ogg-theora: a1e56fd34408186e4bbccfd4996cb3dc -> 
  custom:framework-win-MediaFoundation: 216162199b28c13a410421893ffa2e32 -> 
  custom:CustomObjectIndexerAttribute: a3ef5dd2817f97addfee359851a9dba5 -> 
  custom:container-demuxer-webm: 4f35f7cbe854078d1ac9338744f61a02 -> 
  custom:container-muxer-webm: aa71ff27fc2769a1b78a27578f13a17b -> 
  custom:video-decoder-webm-vp8: 9c59270c3fd7afecdb556c50c9e8de78 -> 
  custom:SearchIndexIgnoredProperties: e643bd26f0fe6173181afceb89e7c659 -> 
  custom:AudioImporter_EditorPlatform: d09bf68614088b80899f8185d706f6e7 -> 
  custom:video-encoder-webm-vp8: eb34c28f22e8b96e1ab97ce403110664 -> 
  custom:audio-decoder-ogg-vorbis: bf7c407c2cedff20999df2af8eb42d56 -> 
  custom:audio-encoder-webm-vorbis: bf7c407c2cedff20999df2af8eb42d56 -> 
========================================================================
Received Import Request.
  Time since last request: 34054.864089 seconds.
  path: Assets/Prefabs/Characters/Player.prefab
  artifactKey: Guid(41002c20aee8a634785e175c6493f4c5) Importer(815301076,1909f56bfc062723c751e8b465ee728b)
Start importing Assets/Prefabs/Characters/Player.prefab using Guid(41002c20aee8a634785e175c6493f4c5) Importer(815301076,1909f56bfc062723c751e8b465ee728b)  -> (artifact id: '71d61f5f8e985f1a569bad5866dad853') in 0.228695 seconds
Number of updated asset objects reloaded before import = 0
Number of asset objects unloaded after import = 42
========================================================================
Received Prepare
Begin MonoManager ReloadAssembly
Symbol file LoadedFromMemory is not a mono symbol file
- Loaded All Assemblies, in  0.414 seconds
Refreshing native plugins compatible for Editor in 5.14 ms, found 3 plugins.
Native extension for WindowsStandalone target not found
[Package Manager] Server::EnsureServerProcessIsRunning -- launch failed, reason: Unity was launched with the -noUpm command-line argument
[Package Manager] UpmClient::Send -- Unable to send message (not connected to UPM process).
[Package Manager] Cannot connect to Unity Package Manager local server
Mono: successfully reloaded assembly
- Finished resetting the current domain, in  0.901 seconds
Domain Reload Profiling: 1313ms
	BeginReloadAssembly (136ms)
		ExecutionOrderSort (0ms)
		DisableScriptedObjects (9ms)
		BackupInstance (0ms)
		ReleaseScriptingObjects (0ms)
		CreateAndSetChildDomain (42ms)
	RebuildCommonClasses (29ms)
	RebuildNativeTypeToScriptingClass (8ms)
	initialDomainReloadingComplete (22ms)
	LoadAllAssembliesAndSetupDomain (216ms)
		LoadAssemblies (259ms)
		RebuildTransferFunctionScriptingTraits (0ms)
		AnalyzeDomain (16ms)
			TypeCache.Refresh (6ms)
				TypeCache.ScanAssembly (0ms)
			ScanForSourceGeneratedMonoScriptInfo (0ms)
			ResolveRequiredComponents (8ms)
	FinalizeReload (902ms)
		ReleaseScriptCaches (0ms)
		RebuildScriptCaches (0ms)
		SetupLoadedEditorAssemblies (366ms)
			LogAssemblyErrors (0ms)
			InitializePlatformSupportModulesInManaged (4ms)
			SetLoadedEditorAssemblies (3ms)
			RefreshPlugins (0ms)
			BeforeProcessingInitializeOnLoad (72ms)
			ProcessInitializeOnLoadAttributes (220ms)
			ProcessInitializeOnLoadMethodAttributes (62ms)
			AfterProcessingInitializeOnLoad (4ms)
			EditorAssembliesLoaded (0ms)
		ExecutionOrderSort2 (0ms)
		AwakeInstancesAfterBackupRestoration (8ms)
Refreshing native plugins compatible for Editor in 5.14 ms, found 3 plugins.
Preloading 0 native plugins for Editor in 0.00 ms.
Unloading 5668 Unused Serialized files (Serialized files now loaded: 0)
Unloading 66 unused Assets / (330.4 KB). Loaded Objects now: 6316.
Memory consumption went from 194.7 MB to 194.4 MB.
Total: 3.478100 ms (FindLiveObjects: 0.464200 ms CreateObjectMapping: 0.169900 ms MarkObjects: 2.699700 ms  DeleteObjects: 0.143400 ms)

Prepare: number of updated asset objects reloaded= 0
AssetImportParameters requested are different than current active one (requested -> active):
  custom:container-demuxer-ogg: 62fdf1f143b41e24485cea50d1cbac27 -> 
  custom:video-codec-MediaFoundation-h265: 746d11721c4dcdbdad8f713fa42b33f4 -> 
  custom:video-decoder-ogg-theora: a1e56fd34408186e4bbccfd4996cb3dc -> 
  custom:framework-win-MediaFoundation: 216162199b28c13a410421893ffa2e32 -> 
  custom:CustomObjectIndexerAttribute: a3ef5dd2817f97addfee359851a9dba5 -> 
  custom:container-demuxer-webm: 4f35f7cbe854078d1ac9338744f61a02 -> 
  custom:container-muxer-webm: aa71ff27fc2769a1b78a27578f13a17b -> 
  custom:video-decoder-webm-vp8: 9c59270c3fd7afecdb556c50c9e8de78 -> 
  custom:SearchIndexIgnoredProperties: e643bd26f0fe6173181afceb89e7c659 -> 
  custom:AudioImporter_EditorPlatform: d09bf68614088b80899f8185d706f6e7 -> 
  custom:video-encoder-webm-vp8: eb34c28f22e8b96e1ab97ce403110664 -> 
  custom:audio-decoder-ogg-vorbis: bf7c407c2cedff20999df2af8eb42d56 -> 
  custom:audio-encoder-webm-vorbis: bf7c407c2cedff20999df2af8eb42d56 -> 
========================================================================
Received Prepare
Begin MonoManager ReloadAssembly
Symbol file LoadedFromMemory is not a mono symbol file
- Loaded All Assemblies, in  0.400 seconds
Refreshing native plugins compatible for Editor in 5.07 ms, found 3 plugins.
Native extension for WindowsStandalone target not found
[Package Manager] Server::EnsureServerProcessIsRunning -- launch failed, reason: Unity was launched with the -noUpm command-line argument
[Package Manager] UpmClient::Send -- Unable to send message (not connected to UPM process).
[Package Manager] Cannot connect to Unity Package Manager local server
Mono: successfully reloaded assembly
- Finished resetting the current domain, in  0.898 seconds
Domain Reload Profiling: 1296ms
	BeginReloadAssembly (131ms)
		ExecutionOrderSort (0ms)
		DisableScriptedObjects (5ms)
		BackupInstance (0ms)
		ReleaseScriptingObjects (0ms)
		CreateAndSetChildDomain (35ms)
	RebuildCommonClasses (26ms)
	RebuildNativeTypeToScriptingClass (8ms)
	initialDomainReloadingComplete (21ms)
	LoadAllAssembliesAndSetupDomain (211ms)
		LoadAssemblies (255ms)
		RebuildTransferFunctionScriptingTraits (0ms)
		AnalyzeDomain (19ms)
			TypeCache.Refresh (8ms)
				TypeCache.ScanAssembly (0ms)
			ScanForSourceGeneratedMonoScriptInfo (0ms)
			ResolveRequiredComponents (10ms)
	FinalizeReload (898ms)
		ReleaseScriptCaches (0ms)
		RebuildScriptCaches (0ms)
		SetupLoadedEditorAssemblies (362ms)
			LogAssemblyErrors (0ms)
			InitializePlatformSupportModulesInManaged (4ms)
			SetLoadedEditorAssemblies (4ms)
			RefreshPlugins (0ms)
			BeforeProcessingInitializeOnLoad (61ms)
			ProcessInitializeOnLoadAttributes (228ms)
			ProcessInitializeOnLoadMethodAttributes (61ms)
			AfterProcessingInitializeOnLoad (4ms)
			EditorAssembliesLoaded (0ms)
		ExecutionOrderSort2 (0ms)
		AwakeInstancesAfterBackupRestoration (9ms)
Refreshing native plugins compatible for Editor in 6.05 ms, found 3 plugins.
Preloading 0 native plugins for Editor in 0.00 ms.
Unloading 5668 Unused Serialized files (Serialized files now loaded: 0)
Unloading 66 unused Assets / (330.4 KB). Loaded Objects now: 6320.
Memory consumption went from 194.6 MB to 194.3 MB.
Total: 3.301200 ms (FindLiveObjects: 0.450300 ms CreateObjectMapping: 0.149900 ms MarkObjects: 2.559700 ms  DeleteObjects: 0.140500 ms)

Prepare: number of updated asset objects reloaded= 0
AssetImportParameters requested are different than current active one (requested -> active):
  custom:container-demuxer-ogg: 62fdf1f143b41e24485cea50d1cbac27 -> 
  custom:video-codec-MediaFoundation-h265: 746d11721c4dcdbdad8f713fa42b33f4 -> 
  custom:video-decoder-ogg-theora: a1e56fd34408186e4bbccfd4996cb3dc -> 
  custom:framework-win-MediaFoundation: 216162199b28c13a410421893ffa2e32 -> 
  custom:CustomObjectIndexerAttribute: a3ef5dd2817f97addfee359851a9dba5 -> 
  custom:container-demuxer-webm: 4f35f7cbe854078d1ac9338744f61a02 -> 
  custom:container-muxer-webm: aa71ff27fc2769a1b78a27578f13a17b -> 
  custom:video-decoder-webm-vp8: 9c59270c3fd7afecdb556c50c9e8de78 -> 
  custom:SearchIndexIgnoredProperties: e643bd26f0fe6173181afceb89e7c659 -> 
  custom:AudioImporter_EditorPlatform: d09bf68614088b80899f8185d706f6e7 -> 
  custom:video-encoder-webm-vp8: eb34c28f22e8b96e1ab97ce403110664 -> 
  custom:audio-decoder-ogg-vorbis: bf7c407c2cedff20999df2af8eb42d56 -> 
  custom:audio-encoder-webm-vorbis: bf7c407c2cedff20999df2af8eb42d56 -> 
========================================================================
Received Import Request.
  Time since last request: 73.979495 seconds.
  path: Assets/Prefabs/Air.prefab
  artifactKey: Guid(89b3bea0c303b904fbbe96e72f5bf22e) Importer(815301076,1909f56bfc062723c751e8b465ee728b)
Start importing Assets/Prefabs/Air.prefab using Guid(89b3bea0c303b904fbbe96e72f5bf22e) Importer(815301076,1909f56bfc062723c751e8b465ee728b)  -> (artifact id: '40f93ba681804a72907c80e620f8bc4a') in 0.212334 seconds
Number of updated asset objects reloaded before import = 0
Number of asset objects unloaded after import = 26
========================================================================
Received Import Request.
  Time since last request: 6.404908 seconds.
  path: Assets/Prefabs/Lights
  artifactKey: Guid(a3ab9b5cdb6e65b469a7637bbad17b40) Importer(815301076,1909f56bfc062723c751e8b465ee728b)
Start importing Assets/Prefabs/Lights using Guid(a3ab9b5cdb6e65b469a7637bbad17b40) Importer(815301076,1909f56bfc062723c751e8b465ee728b)  -> (artifact id: '39cca1a99df52fe4d98204fd6c14e6bc') in 0.000628 seconds
Number of updated asset objects reloaded before import = 0
Number of asset objects unloaded after import = 0
========================================================================
Received Import Request.
  Time since last request: 2.603688 seconds.
  path: Assets/Prefabs/Lights/Light 2D.prefab
  artifactKey: Guid(64e6ead7594378040aaef98eefc03af1) Importer(815301076,1909f56bfc062723c751e8b465ee728b)
Start importing Assets/Prefabs/Lights/Light 2D.prefab using Guid(64e6ead7594378040aaef98eefc03af1) Importer(815301076,1909f56bfc062723c751e8b465ee728b)  -> (artifact id: '8a86a688a7f91f7fc3d67eb2b786545e') in 0.002720 seconds
Number of updated asset objects reloaded before import = 0
Number of asset objects unloaded after import = 5
========================================================================
Received Import Request.
  Time since last request: 2.595553 seconds.
  path: Assets/Prefabs/Lights/Torch.prefab
  artifactKey: Guid(64e6ead7594378040aaef98eefc03af1) Importer(815301076,1909f56bfc062723c751e8b465ee728b)
Start importing Assets/Prefabs/Lights/Torch.prefab using Guid(64e6ead7594378040aaef98eefc03af1) Importer(815301076,1909f56bfc062723c751e8b465ee728b)  -> (artifact id: '7a5890f4ecfbebd24e7602b8b4ca3fb1') in 0.001781 seconds
Number of updated asset objects reloaded before import = 0
Number of asset objects unloaded after import = 5
========================================================================
Received Prepare
Begin MonoManager ReloadAssembly
Symbol file LoadedFromMemory is not a mono symbol file
- Loaded All Assemblies, in  0.411 seconds
Refreshing native plugins compatible for Editor in 6.70 ms, found 3 plugins.
Native extension for WindowsStandalone target not found
[Package Manager] Server::EnsureServerProcessIsRunning -- launch failed, reason: Unity was launched with the -noUpm command-line argument
[Package Manager] UpmClient::Send -- Unable to send message (not connected to UPM process).
[Package Manager] Cannot connect to Unity Package Manager local server
Mono: successfully reloaded assembly
- Finished resetting the current domain, in  0.925 seconds
Domain Reload Profiling: 1334ms
	BeginReloadAssembly (140ms)
		ExecutionOrderSort (0ms)
		DisableScriptedObjects (9ms)
		BackupInstance (0ms)
		ReleaseScriptingObjects (0ms)
		CreateAndSetChildDomain (41ms)
	RebuildCommonClasses (23ms)
	RebuildNativeTypeToScriptingClass (8ms)
	initialDomainReloadingComplete (22ms)
	LoadAllAssembliesAndSetupDomain (216ms)
		LoadAssemblies (263ms)
		RebuildTransferFunctionScriptingTraits (0ms)
		AnalyzeDomain (16ms)
			TypeCache.Refresh (7ms)
				TypeCache.ScanAssembly (0ms)
			ScanForSourceGeneratedMonoScriptInfo (0ms)
			ResolveRequiredComponents (8ms)
	FinalizeReload (925ms)
		ReleaseScriptCaches (0ms)
		RebuildScriptCaches (0ms)
		SetupLoadedEditorAssemblies (376ms)
			LogAssemblyErrors (0ms)
			InitializePlatformSupportModulesInManaged (4ms)
			SetLoadedEditorAssemblies (4ms)
			RefreshPlugins (0ms)
			BeforeProcessingInitializeOnLoad (63ms)
			ProcessInitializeOnLoadAttributes (239ms)
			ProcessInitializeOnLoadMethodAttributes (60ms)
			AfterProcessingInitializeOnLoad (5ms)
			EditorAssembliesLoaded (0ms)
		ExecutionOrderSort2 (0ms)
		AwakeInstancesAfterBackupRestoration (9ms)
Refreshing native plugins compatible for Editor in 5.94 ms, found 3 plugins.
Preloading 0 native plugins for Editor in 0.00 ms.
Unloading 5668 Unused Serialized files (Serialized files now loaded: 0)
Unloading 66 unused Assets / (330.5 KB). Loaded Objects now: 6361.
Memory consumption went from 194.8 MB to 194.5 MB.
Total: 3.218300 ms (FindLiveObjects: 0.418700 ms CreateObjectMapping: 0.147500 ms MarkObjects: 2.519000 ms  DeleteObjects: 0.132100 ms)

Prepare: number of updated asset objects reloaded= 0
AssetImportParameters requested are different than current active one (requested -> active):
  custom:container-demuxer-ogg: 62fdf1f143b41e24485cea50d1cbac27 -> 
  custom:video-codec-MediaFoundation-h265: 746d11721c4dcdbdad8f713fa42b33f4 -> 
  custom:video-decoder-ogg-theora: a1e56fd34408186e4bbccfd4996cb3dc -> 
  custom:framework-win-MediaFoundation: 216162199b28c13a410421893ffa2e32 -> 
  custom:CustomObjectIndexerAttribute: a3ef5dd2817f97addfee359851a9dba5 -> 
  custom:container-demuxer-webm: 4f35f7cbe854078d1ac9338744f61a02 -> 
  custom:container-muxer-webm: aa71ff27fc2769a1b78a27578f13a17b -> 
  custom:video-decoder-webm-vp8: 9c59270c3fd7afecdb556c50c9e8de78 -> 
  custom:SearchIndexIgnoredProperties: e643bd26f0fe6173181afceb89e7c659 -> 
  custom:AudioImporter_EditorPlatform: d09bf68614088b80899f8185d706f6e7 -> 
  custom:video-encoder-webm-vp8: eb34c28f22e8b96e1ab97ce403110664 -> 
  custom:audio-decoder-ogg-vorbis: bf7c407c2cedff20999df2af8eb42d56 -> 
  custom:audio-encoder-webm-vorbis: bf7c407c2cedff20999df2af8eb42d56 -> 
========================================================================
Received Prepare
Begin MonoManager ReloadAssembly
Symbol file LoadedFromMemory is not a mono symbol file
- Loaded All Assemblies, in  0.441 seconds
Refreshing native plugins compatible for Editor in 5.52 ms, found 3 plugins.
Native extension for WindowsStandalone target not found
[Package Manager] Server::EnsureServerProcessIsRunning -- launch failed, reason: Unity was launched with the -noUpm command-line argument
[Package Manager] UpmClient::Send -- Unable to send message (not connected to UPM process).
[Package Manager] Cannot connect to Unity Package Manager local server
Mono: successfully reloaded assembly
- Finished resetting the current domain, in  0.924 seconds
Domain Reload Profiling: 1363ms
	BeginReloadAssembly (138ms)
		ExecutionOrderSort (0ms)
		DisableScriptedObjects (5ms)
		BackupInstance (0ms)
		ReleaseScriptingObjects (0ms)
		CreateAndSetChildDomain (43ms)
	RebuildCommonClasses (25ms)
	RebuildNativeTypeToScriptingClass (9ms)
	initialDomainReloadingComplete (23ms)
	LoadAllAssembliesAndSetupDomain (244ms)
		LoadAssemblies (269ms)
		RebuildTransferFunctionScriptingTraits (0ms)
		AnalyzeDomain (37ms)
			TypeCache.Refresh (9ms)
				TypeCache.ScanAssembly (0ms)
			ScanForSourceGeneratedMonoScriptInfo (20ms)
			ResolveRequiredComponents (7ms)
	FinalizeReload (924ms)
		ReleaseScriptCaches (0ms)
		RebuildScriptCaches (0ms)
		SetupLoadedEditorAssemblies (368ms)
			LogAssemblyErrors (0ms)
			InitializePlatformSupportModulesInManaged (4ms)
			SetLoadedEditorAssemblies (4ms)
			RefreshPlugins (0ms)
			BeforeProcessingInitializeOnLoad (68ms)
			ProcessInitializeOnLoadAttributes (232ms)
			ProcessInitializeOnLoadMethodAttributes (56ms)
			AfterProcessingInitializeOnLoad (4ms)
			EditorAssembliesLoaded (0ms)
		ExecutionOrderSort2 (0ms)
		AwakeInstancesAfterBackupRestoration (8ms)
Refreshing native plugins compatible for Editor in 5.51 ms, found 3 plugins.
Preloading 0 native plugins for Editor in 0.00 ms.
Unloading 5668 Unused Serialized files (Serialized files now loaded: 0)
Unloading 66 unused Assets / (330.5 KB). Loaded Objects now: 6365.
Memory consumption went from 194.7 MB to 194.4 MB.
Total: 4.619500 ms (FindLiveObjects: 0.609500 ms CreateObjectMapping: 0.164200 ms MarkObjects: 3.707700 ms  DeleteObjects: 0.136700 ms)

Prepare: number of updated asset objects reloaded= 0
AssetImportParameters requested are different than current active one (requested -> active):
  custom:container-demuxer-ogg: 62fdf1f143b41e24485cea50d1cbac27 -> 
  custom:video-codec-MediaFoundation-h265: 746d11721c4dcdbdad8f713fa42b33f4 -> 
  custom:video-decoder-ogg-theora: a1e56fd34408186e4bbccfd4996cb3dc -> 
  custom:framework-win-MediaFoundation: 216162199b28c13a410421893ffa2e32 -> 
  custom:CustomObjectIndexerAttribute: a3ef5dd2817f97addfee359851a9dba5 -> 
  custom:container-demuxer-webm: 4f35f7cbe854078d1ac9338744f61a02 -> 
  custom:container-muxer-webm: aa71ff27fc2769a1b78a27578f13a17b -> 
  custom:video-decoder-webm-vp8: 9c59270c3fd7afecdb556c50c9e8de78 -> 
  custom:SearchIndexIgnoredProperties: e643bd26f0fe6173181afceb89e7c659 -> 
  custom:AudioImporter_EditorPlatform: d09bf68614088b80899f8185d706f6e7 -> 
  custom:video-encoder-webm-vp8: eb34c28f22e8b96e1ab97ce403110664 -> 
  custom:audio-decoder-ogg-vorbis: bf7c407c2cedff20999df2af8eb42d56 -> 
  custom:audio-encoder-webm-vorbis: bf7c407c2cedff20999df2af8eb42d56 -> 
========================================================================
Received Import Request.
  Time since last request: 340.121700 seconds.
  path: Assets/Prefabs/Tilemap/BackgroundRules.asset
  artifactKey: Guid(78f37aef91f629c42a18b3dfbb6aeaf7) Importer(815301076,1909f56bfc062723c751e8b465ee728b)
Start importing Assets/Prefabs/Tilemap/BackgroundRules.asset using Guid(78f37aef91f629c42a18b3dfbb6aeaf7) Importer(815301076,1909f56bfc062723c751e8b465ee728b)  -> (artifact id: '2c9fe3c813f4cc1a446a0566e7eefabe') in 0.069808 seconds
Number of updated asset objects reloaded before import = 0
Number of asset objects unloaded after import = 12
========================================================================
Received Import Request.
  Time since last request: 0.000030 seconds.
  path: Assets/Prefabs/Tilemap/Default.prefab
  artifactKey: Guid(6ed3cc9647909724180aac8de4cfb0a9) Importer(815301076,1909f56bfc062723c751e8b465ee728b)
Start importing Assets/Prefabs/Tilemap/Default.prefab using Guid(6ed3cc9647909724180aac8de4cfb0a9) Importer(815301076,1909f56bfc062723c751e8b465ee728b)  -> (artifact id: '4a0eba7a4e2370479b85e690b3424b2f') in 0.326531 seconds
Number of updated asset objects reloaded before import = 0
Number of asset objects unloaded after import = 580
========================================================================
Received Import Request.
  Time since last request: 0.000023 seconds.
  path: Assets/Prefabs/Tilemap/Rock.asset
  artifactKey: Guid(ee2ea42c99432b14cbbb5d9833b239cc) Importer(815301076,1909f56bfc062723c751e8b465ee728b)
Start importing Assets/Prefabs/Tilemap/Rock.asset using Guid(ee2ea42c99432b14cbbb5d9833b239cc) Importer(815301076,1909f56bfc062723c751e8b465ee728b)  -> (artifact id: 'd99aa82ace0a1cfaadf1b9e06441cc6f') in 0.015445 seconds
Number of updated asset objects reloaded before import = 0
Number of asset objects unloaded after import = 6
========================================================================
Received Import Request.
  Time since last request: 0.000025 seconds.
  path: Assets/Prefabs/Tilemap/Grass.asset
  artifactKey: Guid(75ac5bc70f229bd43b679ca20ae20a05) Importer(815301076,1909f56bfc062723c751e8b465ee728b)
Start importing Assets/Prefabs/Tilemap/Grass.asset using Guid(75ac5bc70f229bd43b679ca20ae20a05) Importer(815301076,1909f56bfc062723c751e8b465ee728b)  -> (artifact id: 'e269a95b23e03ae762df334b7fc4e759') in 0.014884 seconds
Number of updated asset objects reloaded before import = 0
Number of asset objects unloaded after import = 14
========================================================================
Received Import Request.
  Time since last request: 1.416959 seconds.
  path: Assets/Prefabs/Tilemap/Tiles/Cobblestrone01.asset
  artifactKey: Guid(15b022a1e4bd1c04c930939a28e32d95) Importer(815301076,1909f56bfc062723c751e8b465ee728b)
Start importing Assets/Prefabs/Tilemap/Tiles/Cobblestrone01.asset using Guid(15b022a1e4bd1c04c930939a28e32d95) Importer(815301076,1909f56bfc062723c751e8b465ee728b)  -> (artifact id: 'e1a29b6f8170d7b6a8288afeed2cf4c9') in 0.008030 seconds
Number of updated asset objects reloaded before import = 0
Number of asset objects unloaded after import = 3
========================================================================
Received Import Request.
  Time since last request: 0.000019 seconds.
  path: Assets/Prefabs/Tilemap/Tiles/Rock03.asset
  artifactKey: Guid(750180e4eb7015c428b7e79cd7d64277) Importer(815301076,1909f56bfc062723c751e8b465ee728b)
Start importing Assets/Prefabs/Tilemap/Tiles/Rock03.asset using Guid(750180e4eb7015c428b7e79cd7d64277) Importer(815301076,1909f56bfc062723c751e8b465ee728b)  -> (artifact id: '4754d4881e7b734faa5f558f9f64558e') in 0.011164 seconds
Number of updated asset objects reloaded before import = 0
Number of asset objects unloaded after import = 3
========================================================================
Received Import Request.
  Time since last request: 0.000020 seconds.
  path: Assets/Prefabs/Tilemap/Tiles/Tiny Tower_44.asset
  artifactKey: Guid(61ead3edc20499d41928dc64a0721627) Importer(815301076,1909f56bfc062723c751e8b465ee728b)
Start importing Assets/Prefabs/Tilemap/Tiles/Tiny Tower_44.asset using Guid(61ead3edc20499d41928dc64a0721627) Importer(815301076,1909f56bfc062723c751e8b465ee728b)  -> (artifact id: '8a4064783d1c282f890233eb8b6e780a') in 0.010049 seconds
Number of updated asset objects reloaded before import = 0
Number of asset objects unloaded after import = 3
========================================================================
Received Import Request.
  Time since last request: 0.000020 seconds.
  path: Assets/Prefabs/Tilemap/Tiles/Tiny Tower_43.asset
  artifactKey: Guid(50bd737f1806a0547aa4e8dfefe44800) Importer(815301076,1909f56bfc062723c751e8b465ee728b)
Start importing Assets/Prefabs/Tilemap/Tiles/Tiny Tower_43.asset using Guid(50bd737f1806a0547aa4e8dfefe44800) Importer(815301076,1909f56bfc062723c751e8b465ee728b)  -> (artifact id: '763bb77b6279e05dfd484beb4c5265a4') in 0.010227 seconds
Number of updated asset objects reloaded before import = 0
Number of asset objects unloaded after import = 3
========================================================================
Received Import Request.
  Time since last request: 0.000024 seconds.
  path: Assets/Prefabs/Tilemap/Tiles/Rock01.asset
  artifactKey: Guid(1f98ac90e9d0c58448cecabfaae8d66c) Importer(815301076,1909f56bfc062723c751e8b465ee728b)
Start importing Assets/Prefabs/Tilemap/Tiles/Rock01.asset using Guid(1f98ac90e9d0c58448cecabfaae8d66c) Importer(815301076,1909f56bfc062723c751e8b465ee728b)  -> (artifact id: '86028e2592ca9aa591442580161075ce') in 0.009982 seconds
Number of updated asset objects reloaded before import = 0
Number of asset objects unloaded after import = 3
========================================================================
Received Import Request.
  Time since last request: 0.000017 seconds.
  path: Assets/Prefabs/Tilemap/Tiles/Rock02.asset
  artifactKey: Guid(bc24cf68e40b96b4589eaac852b0ddb5) Importer(815301076,1909f56bfc062723c751e8b465ee728b)
Start importing Assets/Prefabs/Tilemap/Tiles/Rock02.asset using Guid(bc24cf68e40b96b4589eaac852b0ddb5) Importer(815301076,1909f56bfc062723c751e8b465ee728b)  -> (artifact id: 'f3bf8eba5fcc0f628a644c4f3b83343b') in 0.009631 seconds
Number of updated asset objects reloaded before import = 0
Number of asset objects unloaded after import = 3
========================================================================
Received Import Request.
  Time since last request: 0.000027 seconds.
  path: Assets/Prefabs/Tilemap/Tiles/Tiny Tower_42.asset
  artifactKey: Guid(e7190852e11446f47bbad63e2bd7a463) Importer(815301076,1909f56bfc062723c751e8b465ee728b)
Start importing Assets/Prefabs/Tilemap/Tiles/Tiny Tower_42.asset using Guid(e7190852e11446f47bbad63e2bd7a463) Importer(815301076,1909f56bfc062723c751e8b465ee728b)  -> (artifact id: '42709800d5b759fbbf2ebab8f96401c2') in 0.011338 seconds
Number of updated asset objects reloaded before import = 0
Number of asset objects unloaded after import = 3
========================================================================
Received Import Request.
  Time since last request: 0.000023 seconds.
  path: Assets/Prefabs/Tilemap/Tiles/Tiny Tower_47.asset
  artifactKey: Guid(608e65233ae95d24caa1a9c618ccbbc1) Importer(815301076,1909f56bfc062723c751e8b465ee728b)
Start importing Assets/Prefabs/Tilemap/Tiles/Tiny Tower_47.asset using Guid(608e65233ae95d24caa1a9c618ccbbc1) Importer(815301076,1909f56bfc062723c751e8b465ee728b)  -> (artifact id: '91d3f56ecfcc2797e49860ecf2cc477b') in 0.009605 seconds
Number of updated asset objects reloaded before import = 0
Number of asset objects unloaded after import = 3
========================================================================
Received Import Request.
  Time since last request: 2.631985 seconds.
  path: Assets/Prefabs/Tilemap/Tiles/Tiny Tower_49.asset
  artifactKey: Guid(7364e533f9184d64cb80b892af4f535a) Importer(815301076,1909f56bfc062723c751e8b465ee728b)
Start importing Assets/Prefabs/Tilemap/Tiles/Tiny Tower_49.asset using Guid(7364e533f9184d64cb80b892af4f535a) Importer(815301076,1909f56bfc062723c751e8b465ee728b)  -> (artifact id: '2bea9ae9b3684ee32b0434639cf119ab') in 0.011551 seconds
Number of updated asset objects reloaded before import = 0
Number of asset objects unloaded after import = 3
========================================================================
Received Import Request.
  Time since last request: 0.170765 seconds.
  path: Assets/Prefabs/Tilemap/Tiles/Tiny Tower_53.asset
  artifactKey: Guid(33b59173b764f7e4483dd8ae502fe68e) Importer(815301076,1909f56bfc062723c751e8b465ee728b)
Start importing Assets/Prefabs/Tilemap/Tiles/Tiny Tower_53.asset using Guid(33b59173b764f7e4483dd8ae502fe68e) Importer(815301076,1909f56bfc062723c751e8b465ee728b)  -> (artifact id: '3acab10f6ef6465df971a8bd6df20d67') in 0.010448 seconds
Number of updated asset objects reloaded before import = 0
Number of asset objects unloaded after import = 3
========================================================================
Received Import Request.
  Time since last request: 0.000018 seconds.
  path: Assets/Prefabs/Tilemap/Tiles/Tiny Tower_55.asset
  artifactKey: Guid(69c76e2f71e004647a34a0f426e76f40) Importer(815301076,1909f56bfc062723c751e8b465ee728b)
Start importing Assets/Prefabs/Tilemap/Tiles/Tiny Tower_55.asset using Guid(69c76e2f71e004647a34a0f426e76f40) Importer(815301076,1909f56bfc062723c751e8b465ee728b)  -> (artifact id: '0606d91359077b69518a88682b1a7fc2') in 0.010386 seconds
Number of updated asset objects reloaded before import = 0
Number of asset objects unloaded after import = 3
========================================================================
Received Import Request.
  Time since last request: 0.032146 seconds.
  path: Assets/Prefabs/Tilemap/Tiles/Tiny Tower_59.asset
  artifactKey: Guid(7deae0e83dfc15e4da7047657930b1ae) Importer(815301076,1909f56bfc062723c751e8b465ee728b)
Start importing Assets/Prefabs/Tilemap/Tiles/Tiny Tower_59.asset using Guid(7deae0e83dfc15e4da7047657930b1ae) Importer(815301076,1909f56bfc062723c751e8b465ee728b)  -> (artifact id: '1789a1ed5c00b11f64aafb1d68bdb3d9') in 0.010059 seconds
Number of updated asset objects reloaded before import = 0
Number of asset objects unloaded after import = 3
========================================================================
Received Import Request.
  Time since last request: 0.314327 seconds.
  path: Assets/Prefabs/Tilemap/Tiles/Tiny Tower_69.asset
  artifactKey: Guid(640fc69f17e90c64088c241836030f63) Importer(815301076,1909f56bfc062723c751e8b465ee728b)
Start importing Assets/Prefabs/Tilemap/Tiles/Tiny Tower_69.asset using Guid(640fc69f17e90c64088c241836030f63) Importer(815301076,1909f56bfc062723c751e8b465ee728b)  -> (artifact id: '6ce38d22c201f60ce446efbaeac2be5f') in 0.011918 seconds
Number of updated asset objects reloaded before import = 0
Number of asset objects unloaded after import = 3
========================================================================
Received Import Request.
  Time since last request: 0.334910 seconds.
  path: Assets/Prefabs/Tilemap/Tiles/Tiny Tower_73.asset
  artifactKey: Guid(3f6e8c24a2c6e4944a68d72327e5a4c0) Importer(815301076,1909f56bfc062723c751e8b465ee728b)
Start importing Assets/Prefabs/Tilemap/Tiles/Tiny Tower_73.asset using Guid(3f6e8c24a2c6e4944a68d72327e5a4c0) Importer(815301076,1909f56bfc062723c751e8b465ee728b)  -> (artifact id: 'ceb04fef51ad131bf97dd1eeb2489a7d') in 0.012125 seconds
Number of updated asset objects reloaded before import = 0
Number of asset objects unloaded after import = 3
========================================================================
Received Import Request.
  Time since last request: 0.031984 seconds.
  path: Assets/Prefabs/Tilemap/Tiles/Tiny Tower_77.asset
  artifactKey: Guid(21c4b1a24309af445bbace239e8e92d0) Importer(815301076,1909f56bfc062723c751e8b465ee728b)
Start importing Assets/Prefabs/Tilemap/Tiles/Tiny Tower_77.asset using Guid(21c4b1a24309af445bbace239e8e92d0) Importer(815301076,1909f56bfc062723c751e8b465ee728b)  -> (artifact id: 'fb6b582235d9add1835852e83e262af7') in 0.009983 seconds
Number of updated asset objects reloaded before import = 0
Number of asset objects unloaded after import = 3
========================================================================
Received Import Request.
  Time since last request: 0.327351 seconds.
  path: Assets/Prefabs/Tilemap/Tiles/Tiny Tower_97.asset
  artifactKey: Guid(0eec74a670040f542a2f22a3f80bbebd) Importer(815301076,1909f56bfc062723c751e8b465ee728b)
Start importing Assets/Prefabs/Tilemap/Tiles/Tiny Tower_97.asset using Guid(0eec74a670040f542a2f22a3f80bbebd) Importer(815301076,1909f56bfc062723c751e8b465ee728b)  -> (artifact id: 'd1cec97a18526b8b5c7d1456fdf3d250') in 0.010269 seconds
Number of updated asset objects reloaded before import = 0
Number of asset objects unloaded after import = 3
========================================================================
Received Import Request.
  Time since last request: 0.063868 seconds.
  path: Assets/Prefabs/Tilemap/Tiles/Tiny Tower_103.asset
  artifactKey: Guid(d14f3db2dd917ea43bff305e0e039718) Importer(815301076,1909f56bfc062723c751e8b465ee728b)
Start importing Assets/Prefabs/Tilemap/Tiles/Tiny Tower_103.asset using Guid(d14f3db2dd917ea43bff305e0e039718) Importer(815301076,1909f56bfc062723c751e8b465ee728b)  -> (artifact id: 'acddbccf71fe70d34105ee2ed25fe7c8') in 0.009618 seconds
Number of updated asset objects reloaded before import = 0
Number of asset objects unloaded after import = 3
========================================================================
Received Import Request.
  Time since last request: 0.307146 seconds.
  path: Assets/Prefabs/Tilemap/Tiles/Tiny Tower_113.asset
  artifactKey: Guid(1d9b8fea1cb51a24687ec15effe95713) Importer(815301076,1909f56bfc062723c751e8b465ee728b)
Start importing Assets/Prefabs/Tilemap/Tiles/Tiny Tower_113.asset using Guid(1d9b8fea1cb51a24687ec15effe95713) Importer(815301076,1909f56bfc062723c751e8b465ee728b)  -> (artifact id: '6f35e5e97f66b4886913762df6b847e0') in 0.009804 seconds
Number of updated asset objects reloaded before import = 0
Number of asset objects unloaded after import = 3
========================================================================
Received Import Request.
  Time since last request: 0.052075 seconds.
  path: Assets/Prefabs/Tilemap/Tiles/Tiny Tower_125.asset
  artifactKey: Guid(8d052a0a6b5db5a46b8dc902198cdc6c) Importer(815301076,1909f56bfc062723c751e8b465ee728b)
Start importing Assets/Prefabs/Tilemap/Tiles/Tiny Tower_125.asset using Guid(8d052a0a6b5db5a46b8dc902198cdc6c) Importer(815301076,1909f56bfc062723c751e8b465ee728b)  -> (artifact id: '7bd1bd587656c318324c8007b3bae5d0') in 0.011525 seconds
Number of updated asset objects reloaded before import = 0
Number of asset objects unloaded after import = 3
========================================================================
Received Import Request.
  Time since last request: 0.309394 seconds.
  path: Assets/Prefabs/Tilemap/Tiles/Tiny Tower_131.asset
  artifactKey: Guid(24f017c882e97d3469dd23d1029c3866) Importer(815301076,1909f56bfc062723c751e8b465ee728b)
Start importing Assets/Prefabs/Tilemap/Tiles/Tiny Tower_131.asset using Guid(24f017c882e97d3469dd23d1029c3866) Importer(815301076,1909f56bfc062723c751e8b465ee728b)  -> (artifact id: '032a49e95b805e8493d3401e56b39cce') in 0.011557 seconds
Number of updated asset objects reloaded before import = 0
Number of asset objects unloaded after import = 3
========================================================================
Received Import Request.
  Time since last request: 0.034065 seconds.
  path: Assets/Prefabs/Tilemap/Tiles/Tiny Tower_160.asset
  artifactKey: Guid(2dd3c3d2178f4194781197c128d31773) Importer(815301076,1909f56bfc062723c751e8b465ee728b)
Start importing Assets/Prefabs/Tilemap/Tiles/Tiny Tower_160.asset using Guid(2dd3c3d2178f4194781197c128d31773) Importer(815301076,1909f56bfc062723c751e8b465ee728b)  -> (artifact id: 'cd98b791bdef2bf10110375440b7ded8') in 0.009668 seconds
Number of updated asset objects reloaded before import = 0
Number of asset objects unloaded after import = 3
========================================================================
Received Import Request.
  Time since last request: 0.341240 seconds.
  path: Assets/Prefabs/Tilemap/Tiles/Tiny Tower_198.asset
  artifactKey: Guid(9887551163bbdf349932c58b7e1183f4) Importer(815301076,1909f56bfc062723c751e8b465ee728b)
Start importing Assets/Prefabs/Tilemap/Tiles/Tiny Tower_198.asset using Guid(9887551163bbdf349932c58b7e1183f4) Importer(815301076,1909f56bfc062723c751e8b465ee728b)  -> (artifact id: '5eb4fad1ea5aa1bde2659c4f20bcb6d0') in 0.010300 seconds
Number of updated asset objects reloaded before import = 0
Number of asset objects unloaded after import = 3
========================================================================
Received Import Request.
  Time since last request: 0.078907 seconds.
  path: Assets/Prefabs/Tilemap/Tiles/Tiny Tower_204.asset
  artifactKey: Guid(ca3cfec3e8f16384395522ac86f1960b) Importer(815301076,1909f56bfc062723c751e8b465ee728b)
Start importing Assets/Prefabs/Tilemap/Tiles/Tiny Tower_204.asset using Guid(ca3cfec3e8f16384395522ac86f1960b) Importer(815301076,1909f56bfc062723c751e8b465ee728b)  -> (artifact id: '22bd4ad634d560d3d1bacd5f3a67523c') in 0.010352 seconds
Number of updated asset objects reloaded before import = 0
Number of asset objects unloaded after import = 3
========================================================================
Received Import Request.
  Time since last request: 0.318477 seconds.
  path: Assets/Prefabs/Tilemap/Tiles/Tiny Tower_208.asset
  artifactKey: Guid(ea4325f138fc52b4389646eaf5fc2cc7) Importer(815301076,1909f56bfc062723c751e8b465ee728b)
Start importing Assets/Prefabs/Tilemap/Tiles/Tiny Tower_208.asset using Guid(ea4325f138fc52b4389646eaf5fc2cc7) Importer(815301076,1909f56bfc062723c751e8b465ee728b)  -> (artifact id: '464a1508aff227b89945e83d232d8e38') in 0.010046 seconds
Number of updated asset objects reloaded before import = 0
Number of asset objects unloaded after import = 3
========================================================================
Received Import Request.
  Time since last request: 0.113323 seconds.
  path: Assets/Prefabs/Tilemap/Tiles/Tiny Tower_212.asset
  artifactKey: Guid(8ee296550ccdc544ea2ae576519f61ee) Importer(815301076,1909f56bfc062723c751e8b465ee728b)
Start importing Assets/Prefabs/Tilemap/Tiles/Tiny Tower_212.asset using Guid(8ee296550ccdc544ea2ae576519f61ee) Importer(815301076,1909f56bfc062723c751e8b465ee728b)  -> (artifact id: '9fbe0cd28bd631dc5a52a46232a1fc07') in 0.010648 seconds
Number of updated asset objects reloaded before import = 0
Number of asset objects unloaded after import = 3
========================================================================
Received Import Request.
  Time since last request: 0.300673 seconds.
  path: Assets/Prefabs/Tilemap/Tiles/Tiny Tower_216.asset
  artifactKey: Guid(2fdf205cfda2f5e48b2851c163fc80fa) Importer(815301076,1909f56bfc062723c751e8b465ee728b)
Start importing Assets/Prefabs/Tilemap/Tiles/Tiny Tower_216.asset using Guid(2fdf205cfda2f5e48b2851c163fc80fa) Importer(815301076,1909f56bfc062723c751e8b465ee728b)  -> (artifact id: '7d4b82161b462c13c469b6f0ba868d77') in 0.009962 seconds
Number of updated asset objects reloaded before import = 0
Number of asset objects unloaded after import = 3
========================================================================
Received Import Request.
  Time since last request: 0.082282 seconds.
  path: Assets/Prefabs/Tilemap/Tiles/Tiny Tower_220.asset
  artifactKey: Guid(7453da9e17783944ea15b43d2b3cc044) Importer(815301076,1909f56bfc062723c751e8b465ee728b)
Start importing Assets/Prefabs/Tilemap/Tiles/Tiny Tower_220.asset using Guid(7453da9e17783944ea15b43d2b3cc044) Importer(815301076,1909f56bfc062723c751e8b465ee728b)  -> (artifact id: '6b0b0ff792619c0a300585ae378f61c7') in 0.010266 seconds
Number of updated asset objects reloaded before import = 0
Number of asset objects unloaded after import = 3
========================================================================
Received Import Request.
  Time since last request: 0.320157 seconds.
  path: Assets/Prefabs/Tilemap/Tiles/Tiny Tower_226.asset
  artifactKey: Guid(654b4954fac37dd44b0f8b8d56eb92c2) Importer(815301076,1909f56bfc062723c751e8b465ee728b)
Start importing Assets/Prefabs/Tilemap/Tiles/Tiny Tower_226.asset using Guid(654b4954fac37dd44b0f8b8d56eb92c2) Importer(815301076,1909f56bfc062723c751e8b465ee728b)  -> (artifact id: 'de6c3d0a6cb9eb2959a8d2bbd86f0051') in 0.011163 seconds
Number of updated asset objects reloaded before import = 0
Number of asset objects unloaded after import = 3
========================================================================
Received Import Request.
  Time since last request: 0.054860 seconds.
  path: Assets/Prefabs/Tilemap/Tiles/Tiny Tower_234.asset
  artifactKey: Guid(cd859a37d5cdb2145852c8d6ead53507) Importer(815301076,1909f56bfc062723c751e8b465ee728b)
Start importing Assets/Prefabs/Tilemap/Tiles/Tiny Tower_234.asset using Guid(cd859a37d5cdb2145852c8d6ead53507) Importer(815301076,1909f56bfc062723c751e8b465ee728b)  -> (artifact id: 'de0e152804e8a6b83af71d5c6dd8ebf0') in 0.010713 seconds
Number of updated asset objects reloaded before import = 0
Number of asset objects unloaded after import = 3
========================================================================
Received Import Request.
  Time since last request: 0.833037 seconds.
  path: Assets/Prefabs/Tilemap/Tiles/Tiny Tower_238.asset
  artifactKey: Guid(8ad6e5346e4383b4eb7e50760c733bf7) Importer(815301076,1909f56bfc062723c751e8b465ee728b)
Start importing Assets/Prefabs/Tilemap/Tiles/Tiny Tower_238.asset using Guid(8ad6e5346e4383b4eb7e50760c733bf7) Importer(815301076,1909f56bfc062723c751e8b465ee728b)  -> (artifact id: 'ad49f7a07aac0c34069bc4535470be3e') in 0.011339 seconds
Number of updated asset objects reloaded before import = 0
Number of asset objects unloaded after import = 3
========================================================================
Received Import Request.
  Time since last request: 0.231472 seconds.
  path: Assets/Prefabs/Tilemap/Tiles/Tiny Tower_244.asset
  artifactKey: Guid(d0a05b65d72a8e04ba0fbceb78bf16f7) Importer(815301076,1909f56bfc062723c751e8b465ee728b)
Start importing Assets/Prefabs/Tilemap/Tiles/Tiny Tower_244.asset using Guid(d0a05b65d72a8e04ba0fbceb78bf16f7) Importer(815301076,1909f56bfc062723c751e8b465ee728b)  -> (artifact id: 'd762645b7c5cc5f446e54b40abe7894a') in 0.009607 seconds
Number of updated asset objects reloaded before import = 0
Number of asset objects unloaded after import = 3
========================================================================
Received Import Request.
  Time since last request: 0.353614 seconds.
  path: Assets/Prefabs/Tilemap/Tiles/Tiny Tower_250.asset
  artifactKey: Guid(5a62b105b8fadfb4c8fd750f35e9c7c5) Importer(815301076,1909f56bfc062723c751e8b465ee728b)
Start importing Assets/Prefabs/Tilemap/Tiles/Tiny Tower_250.asset using Guid(5a62b105b8fadfb4c8fd750f35e9c7c5) Importer(815301076,1909f56bfc062723c751e8b465ee728b)  -> (artifact id: '35995460281c743c4b94c495aa995557') in 0.009410 seconds
Number of updated asset objects reloaded before import = 0
Number of asset objects unloaded after import = 3
========================================================================
Received Import Request.
  Time since last request: 0.020695 seconds.
  path: Assets/Prefabs/Tilemap/Tiles/Tiny Tower_256.asset
  artifactKey: Guid(62fb5e78c2fd78743b94952648903a7d) Importer(815301076,1909f56bfc062723c751e8b465ee728b)
Start importing Assets/Prefabs/Tilemap/Tiles/Tiny Tower_256.asset using Guid(62fb5e78c2fd78743b94952648903a7d) Importer(815301076,1909f56bfc062723c751e8b465ee728b)  -> (artifact id: 'fb46308d919fc6d6f1ad747564640acc') in 0.011277 seconds
Number of updated asset objects reloaded before import = 0
Number of asset objects unloaded after import = 3
========================================================================
Received Import Request.
  Time since last request: 0.057299 seconds.
  path: Assets/Prefabs/Tilemap/Tiles/Tiny Tower_260.asset
  artifactKey: Guid(ce9e80ee802f6394eb47056b6697c99a) Importer(815301076,1909f56bfc062723c751e8b465ee728b)
Start importing Assets/Prefabs/Tilemap/Tiles/Tiny Tower_260.asset using Guid(ce9e80ee802f6394eb47056b6697c99a) Importer(815301076,1909f56bfc062723c751e8b465ee728b)  -> (artifact id: '9edf6d34d962f552f9aa9bc949dc0d64') in 0.010677 seconds
Number of updated asset objects reloaded before import = 0
Number of asset objects unloaded after import = 3
========================================================================
Received Import Request.
  Time since last request: 0.297330 seconds.
  path: Assets/Prefabs/Tilemap/Tiles/Tiny Tower_264.asset
  artifactKey: Guid(ffd94ebef2ca0184e8eb9572e76ce7fc) Importer(815301076,1909f56bfc062723c751e8b465ee728b)
Start importing Assets/Prefabs/Tilemap/Tiles/Tiny Tower_264.asset using Guid(ffd94ebef2ca0184e8eb9572e76ce7fc) Importer(815301076,1909f56bfc062723c751e8b465ee728b)  -> (artifact id: '38fb96d7d54b262b970723e655579452') in 0.009904 seconds
Number of updated asset objects reloaded before import = 0
Number of asset objects unloaded after import = 3
========================================================================
Received Import Request.
  Time since last request: 0.043167 seconds.
  path: Assets/Prefabs/Tilemap/Tiles/Tiny Tower_268.asset
  artifactKey: Guid(06c5a7c278fdde44db09acd817ffe30e) Importer(815301076,1909f56bfc062723c751e8b465ee728b)
Start importing Assets/Prefabs/Tilemap/Tiles/Tiny Tower_268.asset using Guid(06c5a7c278fdde44db09acd817ffe30e) Importer(815301076,1909f56bfc062723c751e8b465ee728b)  -> (artifact id: 'c3f61774b30f77774b55a3ae3d19e44c') in 0.010859 seconds
Number of updated asset objects reloaded before import = 0
Number of asset objects unloaded after import = 3
========================================================================
Received Import Request.
  Time since last request: 0.024669 seconds.
  path: Assets/Prefabs/Tilemap/Tiles/Tiny Tower_272.asset
  artifactKey: Guid(02e04bfa652b16a44a4ac62133b129ee) Importer(815301076,1909f56bfc062723c751e8b465ee728b)
Start importing Assets/Prefabs/Tilemap/Tiles/Tiny Tower_272.asset using Guid(02e04bfa652b16a44a4ac62133b129ee) Importer(815301076,1909f56bfc062723c751e8b465ee728b)  -> (artifact id: '47e003f5127577742868ac5b3795c8c8') in 0.012396 seconds
Number of updated asset objects reloaded before import = 0
Number of asset objects unloaded after import = 3
========================================================================
Received Import Request.
  Time since last request: 0.282591 seconds.
  path: Assets/Prefabs/Tilemap/Tiles/Tiny Tower_339.asset
  artifactKey: Guid(3ec29f13093a0fa49958c05538cf7f1d) Importer(815301076,1909f56bfc062723c751e8b465ee728b)
Start importing Assets/Prefabs/Tilemap/Tiles/Tiny Tower_339.asset using Guid(3ec29f13093a0fa49958c05538cf7f1d) Importer(815301076,1909f56bfc062723c751e8b465ee728b)  -> (artifact id: '8b37f894dc6ae8dadc6cf8411a18a2d1') in 0.010760 seconds
Number of updated asset objects reloaded before import = 0
Number of asset objects unloaded after import = 3
========================================================================
Received Import Request.
  Time since last request: 0.015796 seconds.
  path: Assets/Prefabs/Tilemap/Tiles/Tiny Tower_345.asset
  artifactKey: Guid(4f413458e60799e42aa9b6e67bc1af81) Importer(815301076,1909f56bfc062723c751e8b465ee728b)
Start importing Assets/Prefabs/Tilemap/Tiles/Tiny Tower_345.asset using Guid(4f413458e60799e42aa9b6e67bc1af81) Importer(815301076,1909f56bfc062723c751e8b465ee728b)  -> (artifact id: '38bbdd1f5d7a0c4b4c70cc1ca4a8a680') in 0.011046 seconds
Number of updated asset objects reloaded before import = 0
Number of asset objects unloaded after import = 3
========================================================================
Received Import Request.
  Time since last request: 0.006405 seconds.
  path: Assets/Prefabs/Tilemap/Tiles/Tiny Tower_351.asset
  artifactKey: Guid(ef4b785fdbc664e44b1d57ac4212654b) Importer(815301076,1909f56bfc062723c751e8b465ee728b)
Start importing Assets/Prefabs/Tilemap/Tiles/Tiny Tower_351.asset using Guid(ef4b785fdbc664e44b1d57ac4212654b) Importer(815301076,1909f56bfc062723c751e8b465ee728b)  -> (artifact id: 'c685e26caf088770fa6ed64858962052') in 0.010218 seconds
Number of updated asset objects reloaded before import = 0
Number of asset objects unloaded after import = 3
========================================================================
Received Import Request.
  Time since last request: 0.005812 seconds.
  path: Assets/Prefabs/Tilemap/Tiles/Tiny Tower_361.asset
  artifactKey: Guid(161509a80012bb64ab106fe46744294e) Importer(815301076,1909f56bfc062723c751e8b465ee728b)
Start importing Assets/Prefabs/Tilemap/Tiles/Tiny Tower_361.asset using Guid(161509a80012bb64ab106fe46744294e) Importer(815301076,1909f56bfc062723c751e8b465ee728b)  -> (artifact id: '507f01ff62ff6c93e92e69cbec4217cd') in 0.010434 seconds
Number of updated asset objects reloaded before import = 0
Number of asset objects unloaded after import = 3
========================================================================
Received Import Request.
  Time since last request: 0.290242 seconds.
  path: Assets/Prefabs/Tilemap/Tiles/Tiny Tower_367.asset
  artifactKey: Guid(0fadbce0aface4d499bfbb842f1f6058) Importer(815301076,1909f56bfc062723c751e8b465ee728b)
Start importing Assets/Prefabs/Tilemap/Tiles/Tiny Tower_367.asset using Guid(0fadbce0aface4d499bfbb842f1f6058) Importer(815301076,1909f56bfc062723c751e8b465ee728b)  -> (artifact id: '9022eea1b9c94f926f5c9fcf8a258e56') in 0.009891 seconds
Number of updated asset objects reloaded before import = 0
Number of asset objects unloaded after import = 3
========================================================================
Received Import Request.
  Time since last request: 0.017110 seconds.
  path: Assets/Prefabs/Tilemap/Tiles/Tiny Tower_373.asset
  artifactKey: Guid(04e2126c9be979442b570c86ea12ba0b) Importer(815301076,1909f56bfc062723c751e8b465ee728b)
Start importing Assets/Prefabs/Tilemap/Tiles/Tiny Tower_373.asset using Guid(04e2126c9be979442b570c86ea12ba0b) Importer(815301076,1909f56bfc062723c751e8b465ee728b)  -> (artifact id: '789dd833ed9e34b5498ebc295a69fb4a') in 0.010794 seconds
Number of updated asset objects reloaded before import = 0
Number of asset objects unloaded after import = 3
========================================================================
Received Import Request.
  Time since last request: 0.000016 seconds.
  path: Assets/Prefabs/Tilemap/Tiles/Tiny Tower_383.asset
  artifactKey: Guid(8e5a9a9e18a836d45b0f189106c5fb54) Importer(815301076,1909f56bfc062723c751e8b465ee728b)
Start importing Assets/Prefabs/Tilemap/Tiles/Tiny Tower_383.asset using Guid(8e5a9a9e18a836d45b0f189106c5fb54) Importer(815301076,1909f56bfc062723c751e8b465ee728b)  -> (artifact id: '7808ef95e95c1cd7554466f84e381f13') in 0.011543 seconds
Number of updated asset objects reloaded before import = 0
Number of asset objects unloaded after import = 3
========================================================================
Received Import Request.
  Time since last request: 0.013252 seconds.
  path: Assets/Prefabs/Tilemap/Tiles/Tiny Tower_387.asset
  artifactKey: Guid(637ac8e1b4d57e145b0dc0cdad3ae97c) Importer(815301076,1909f56bfc062723c751e8b465ee728b)
Start importing Assets/Prefabs/Tilemap/Tiles/Tiny Tower_387.asset using Guid(637ac8e1b4d57e145b0dc0cdad3ae97c) Importer(815301076,1909f56bfc062723c751e8b465ee728b)  -> (artifact id: '871b371b98e59a080a4af2f3a9140ae1') in 0.011491 seconds
Number of updated asset objects reloaded before import = 0
Number of asset objects unloaded after import = 3
========================================================================
Received Import Request.
  Time since last request: 0.259176 seconds.
  path: Assets/Prefabs/Tilemap/Tiles/Tiny Tower_393.asset
  artifactKey: Guid(303489c956b9c8a47be4d960b69edfdf) Importer(815301076,1909f56bfc062723c751e8b465ee728b)
Start importing Assets/Prefabs/Tilemap/Tiles/Tiny Tower_393.asset using Guid(303489c956b9c8a47be4d960b69edfdf) Importer(815301076,1909f56bfc062723c751e8b465ee728b)  -> (artifact id: 'b51defd308a926af831cc411a0bdfe13') in 0.005626 seconds
Number of updated asset objects reloaded before import = 0
Number of asset objects unloaded after import = 3
========================================================================
Received Import Request.
  Time since last request: 0.015952 seconds.
  path: Assets/Prefabs/Tilemap/Tiles/Tiny Tower_399.asset
  artifactKey: Guid(a93006c969ce5c44a904fedab4881163) Importer(815301076,1909f56bfc062723c751e8b465ee728b)
Start importing Assets/Prefabs/Tilemap/Tiles/Tiny Tower_399.asset using Guid(a93006c969ce5c44a904fedab4881163) Importer(815301076,1909f56bfc062723c751e8b465ee728b)  -> (artifact id: 'ead353439fb0420c45a0932ba96aa75b') in 0.011026 seconds
Number of updated asset objects reloaded before import = 0
Number of asset objects unloaded after import = 3
========================================================================
Received Import Request.
  Time since last request: 0.463323 seconds.
  path: Assets/Prefabs/Tilemap/Tiles/Tiny Tower_407.asset
  artifactKey: Guid(3de3a920ba0621d49b1dc7559aa0144f) Importer(815301076,1909f56bfc062723c751e8b465ee728b)
Start importing Assets/Prefabs/Tilemap/Tiles/Tiny Tower_407.asset using Guid(3de3a920ba0621d49b1dc7559aa0144f) Importer(815301076,1909f56bfc062723c751e8b465ee728b)  -> (artifact id: 'b8fd3e93b8021b401b13ebe63cce99c6') in 0.009990 seconds
Number of updated asset objects reloaded before import = 0
Number of asset objects unloaded after import = 3
========================================================================
Received Import Request.
  Time since last request: 0.022670 seconds.
  path: Assets/Prefabs/Tilemap/Tiles/Tiny Tower_415.asset
  artifactKey: Guid(c1b19134a8ad5b34cb7b50f83356b5ba) Importer(815301076,1909f56bfc062723c751e8b465ee728b)
Start importing Assets/Prefabs/Tilemap/Tiles/Tiny Tower_415.asset using Guid(c1b19134a8ad5b34cb7b50f83356b5ba) Importer(815301076,1909f56bfc062723c751e8b465ee728b)  -> (artifact id: 'aeb41ca6c8bf10d8cffbaeb3c26911c5') in 0.009978 seconds
Number of updated asset objects reloaded before import = 0
Number of asset objects unloaded after import = 3
========================================================================
Received Import Request.
  Time since last request: 0.031305 seconds.
  path: Assets/Prefabs/Tilemap/Tiles/Tiny Tower_423.asset
  artifactKey: Guid(f642827361f78564c8acf9122cc1ff1c) Importer(815301076,1909f56bfc062723c751e8b465ee728b)
Start importing Assets/Prefabs/Tilemap/Tiles/Tiny Tower_423.asset using Guid(f642827361f78564c8acf9122cc1ff1c) Importer(815301076,1909f56bfc062723c751e8b465ee728b)  -> (artifact id: '74536adb02164e7a02acb52170c7018e') in 0.010712 seconds
Number of updated asset objects reloaded before import = 0
Number of asset objects unloaded after import = 3
========================================================================
Received Import Request.
  Time since last request: 0.338885 seconds.
  path: Assets/Prefabs/Tilemap/Tiles/Tiny Tower_437.asset
  artifactKey: Guid(8fb0fcc3a19d9bf439dbd1cf75b1e92f) Importer(815301076,1909f56bfc062723c751e8b465ee728b)
Start importing Assets/Prefabs/Tilemap/Tiles/Tiny Tower_437.asset using Guid(8fb0fcc3a19d9bf439dbd1cf75b1e92f) Importer(815301076,1909f56bfc062723c751e8b465ee728b)  -> (artifact id: '05e653fe2e2a798a22a94f5f44d9d062') in 0.009519 seconds
Number of updated asset objects reloaded before import = 0
Number of asset objects unloaded after import = 3
========================================================================
Received Import Request.
  Time since last request: 0.021103 seconds.
  path: Assets/Prefabs/Tilemap/Tiles/Tiny Tower_443.asset
  artifactKey: Guid(e70b829d1fc81b344b052b16536ef70e) Importer(815301076,1909f56bfc062723c751e8b465ee728b)
Start importing Assets/Prefabs/Tilemap/Tiles/Tiny Tower_443.asset using Guid(e70b829d1fc81b344b052b16536ef70e) Importer(815301076,1909f56bfc062723c751e8b465ee728b)  -> (artifact id: '8eed9fd2c7bded65cebeca7cf5e0d901') in 0.012235 seconds
Number of updated asset objects reloaded before import = 0
Number of asset objects unloaded after import = 3
========================================================================
Received Import Request.
  Time since last request: 0.033818 seconds.
  path: Assets/Prefabs/Tilemap/Tiles/Tiny Tower_489.asset
  artifactKey: Guid(796475109d6086f40a7eac98a7c48759) Importer(815301076,1909f56bfc062723c751e8b465ee728b)
Start importing Assets/Prefabs/Tilemap/Tiles/Tiny Tower_489.asset using Guid(796475109d6086f40a7eac98a7c48759) Importer(815301076,1909f56bfc062723c751e8b465ee728b)  -> (artifact id: '7384a1cdc2b2e600ca65066e4cbcb108') in 0.010991 seconds
Number of updated asset objects reloaded before import = 0
Number of asset objects unloaded after import = 3
========================================================================
Received Import Request.
  Time since last request: 0.299921 seconds.
  path: Assets/Prefabs/Tilemap/Tiles/Tiny Tower_493.asset
  artifactKey: Guid(aa5eab039c3b49a44847ff199b17b0f9) Importer(815301076,1909f56bfc062723c751e8b465ee728b)
Start importing Assets/Prefabs/Tilemap/Tiles/Tiny Tower_493.asset using Guid(aa5eab039c3b49a44847ff199b17b0f9) Importer(815301076,1909f56bfc062723c751e8b465ee728b)  -> (artifact id: 'b28fa5b5bd27883411a7e7993b465b12') in 0.010158 seconds
Number of updated asset objects reloaded before import = 0
Number of asset objects unloaded after import = 3
========================================================================
Received Import Request.
  Time since last request: 0.095400 seconds.
  path: Assets/Prefabs/Tilemap/Tiles/Tiny Tower_499.asset
  artifactKey: Guid(2f1e5393f910ac04bba85145a7eebd8f) Importer(815301076,1909f56bfc062723c751e8b465ee728b)
Start importing Assets/Prefabs/Tilemap/Tiles/Tiny Tower_499.asset using Guid(2f1e5393f910ac04bba85145a7eebd8f) Importer(815301076,1909f56bfc062723c751e8b465ee728b)  -> (artifact id: '412c30fd7341eeafaf1f3292c98e8ec1') in 0.009574 seconds
Number of updated asset objects reloaded before import = 0
Number of asset objects unloaded after import = 3
========================================================================
Received Import Request.
  Time since last request: 0.271230 seconds.
  path: Assets/Prefabs/Tilemap/Tiles/Tiny Tower_503.asset
  artifactKey: Guid(86091c551d91bf94292d793115bd2195) Importer(815301076,1909f56bfc062723c751e8b465ee728b)
Start importing Assets/Prefabs/Tilemap/Tiles/Tiny Tower_503.asset using Guid(86091c551d91bf94292d793115bd2195) Importer(815301076,1909f56bfc062723c751e8b465ee728b)  -> (artifact id: '0432dab2b871d4fa5f725ad9693ef752') in 0.009345 seconds
Number of updated asset objects reloaded before import = 0
Number of asset objects unloaded after import = 3
========================================================================
Received Import Request.
  Time since last request: 0.178104 seconds.
  path: Assets/Prefabs/Tilemap/Tiles/Tiny Tower_509.asset
  artifactKey: Guid(6a1397d704e40a04dbc986606a1c53dd) Importer(815301076,1909f56bfc062723c751e8b465ee728b)
Start importing Assets/Prefabs/Tilemap/Tiles/Tiny Tower_509.asset using Guid(6a1397d704e40a04dbc986606a1c53dd) Importer(815301076,1909f56bfc062723c751e8b465ee728b)  -> (artifact id: '98fec69b00daaac1e23ebd3fc3620ca4') in 0.010100 seconds
Number of updated asset objects reloaded before import = 0
Number of asset objects unloaded after import = 3
========================================================================
Received Import Request.
  Time since last request: 0.123252 seconds.
  path: Assets/Prefabs/Tilemap/Tiles/Tiny Tower_529.asset
  artifactKey: Guid(d4d01b1b9109a5b4fad97ea048f34892) Importer(815301076,1909f56bfc062723c751e8b465ee728b)
Start importing Assets/Prefabs/Tilemap/Tiles/Tiny Tower_529.asset using Guid(d4d01b1b9109a5b4fad97ea048f34892) Importer(815301076,1909f56bfc062723c751e8b465ee728b)  -> (artifact id: 'd1c8ea090b28fb6d7fd076b94bc83d20') in 0.006091 seconds
Number of updated asset objects reloaded before import = 0
Number of asset objects unloaded after import = 3
========================================================================
Received Import Request.
  Time since last request: 0.326772 seconds.
  path: Assets/Prefabs/Tilemap/Tiles/Tiny Tower_533.asset
  artifactKey: Guid(e2fabdbed23005e49a9ca30ffa50ac93) Importer(815301076,1909f56bfc062723c751e8b465ee728b)
Start importing Assets/Prefabs/Tilemap/Tiles/Tiny Tower_533.asset using Guid(e2fabdbed23005e49a9ca30ffa50ac93) Importer(815301076,1909f56bfc062723c751e8b465ee728b)  -> (artifact id: '0a50fbf83786a2164692167c05d3c30c') in 0.004992 seconds
Number of updated asset objects reloaded before import = 0
Number of asset objects unloaded after import = 3
========================================================================
Received Import Request.
  Time since last request: 0.074884 seconds.
  path: Assets/Prefabs/Tilemap/Tiles/Tiny Tower_564.asset
  artifactKey: Guid(f8d21ed77ad0bd849b924c0f82b8e760) Importer(815301076,1909f56bfc062723c751e8b465ee728b)
Start importing Assets/Prefabs/Tilemap/Tiles/Tiny Tower_564.asset using Guid(f8d21ed77ad0bd849b924c0f82b8e760) Importer(815301076,1909f56bfc062723c751e8b465ee728b)  -> (artifact id: '1c69ee0ab06935d139a069b96db10c2c') in 0.010065 seconds
Number of updated asset objects reloaded before import = 0
Number of asset objects unloaded after import = 3
========================================================================
Received Import Request.
  Time since last request: 0.313072 seconds.
  path: Assets/Prefabs/Tilemap/Tiles/Tiny Tower_570.asset
  artifactKey: Guid(c19faa1cd933c68479d39853b4e7a98c) Importer(815301076,1909f56bfc062723c751e8b465ee728b)
Start importing Assets/Prefabs/Tilemap/Tiles/Tiny Tower_570.asset using Guid(c19faa1cd933c68479d39853b4e7a98c) Importer(815301076,1909f56bfc062723c751e8b465ee728b)  -> (artifact id: '43ec4720b67a00246ceb445514a15b75') in 0.010059 seconds
Number of updated asset objects reloaded before import = 0
Number of asset objects unloaded after import = 3
========================================================================
Received Import Request.
  Time since last request: 0.032947 seconds.
  path: Assets/Prefabs/Tilemap/Tiles/Tiny Tower_574.asset
  artifactKey: Guid(a0607079a6c8e924f8724ec25be721e9) Importer(815301076,1909f56bfc062723c751e8b465ee728b)
Start importing Assets/Prefabs/Tilemap/Tiles/Tiny Tower_574.asset using Guid(a0607079a6c8e924f8724ec25be721e9) Importer(815301076,1909f56bfc062723c751e8b465ee728b)  -> (artifact id: '97076f7c2f688b29c3207e5b857d3be7') in 0.009581 seconds
Number of updated asset objects reloaded before import = 0
Number of asset objects unloaded after import = 3
========================================================================
Received Import Request.
  Time since last request: 0.078984 seconds.
  path: Assets/Prefabs/Tilemap/Tiles/Tiny Tower_584.asset
  artifactKey: Guid(1376759791d885949ba202ba765dcb72) Importer(815301076,1909f56bfc062723c751e8b465ee728b)
Start importing Assets/Prefabs/Tilemap/Tiles/Tiny Tower_584.asset using Guid(1376759791d885949ba202ba765dcb72) Importer(815301076,1909f56bfc062723c751e8b465ee728b)  -> (artifact id: '86cfb72a6683086a390bad8fdad9929c') in 0.009621 seconds
Number of updated asset objects reloaded before import = 0
Number of asset objects unloaded after import = 3
========================================================================
Received Import Request.
  Time since last request: 0.271230 seconds.
  path: Assets/Prefabs/Tilemap/Tiles/Tiny Tower_590.asset
  artifactKey: Guid(f8969e93c257e544bb3376fb1d0e5259) Importer(815301076,1909f56bfc062723c751e8b465ee728b)
Start importing Assets/Prefabs/Tilemap/Tiles/Tiny Tower_590.asset using Guid(f8969e93c257e544bb3376fb1d0e5259) Importer(815301076,1909f56bfc062723c751e8b465ee728b)  -> (artifact id: 'fade3607a3ecff29145a6e37449bdc0a') in 0.008929 seconds
Number of updated asset objects reloaded before import = 0
Number of asset objects unloaded after import = 3
========================================================================
Received Prepare
Begin MonoManager ReloadAssembly
Symbol file LoadedFromMemory is not a mono symbol file
- Loaded All Assemblies, in  0.513 seconds
Refreshing native plugins compatible for Editor in 7.82 ms, found 3 plugins.
Native extension for WindowsStandalone target not found
[Package Manager] Server::EnsureServerProcessIsRunning -- launch failed, reason: Unity was launched with the -noUpm command-line argument
[Package Manager] UpmClient::Send -- Unable to send message (not connected to UPM process).
[Package Manager] Cannot connect to Unity Package Manager local server
Mono: successfully reloaded assembly
- Finished resetting the current domain, in  0.948 seconds
Domain Reload Profiling: 1458ms
	BeginReloadAssembly (156ms)
		ExecutionOrderSort (0ms)
		DisableScriptedObjects (9ms)
		BackupInstance (0ms)
		ReleaseScriptingObjects (0ms)
		CreateAndSetChildDomain (44ms)
	RebuildCommonClasses (31ms)
	RebuildNativeTypeToScriptingClass (11ms)
	initialDomainReloadingComplete (28ms)
	LoadAllAssembliesAndSetupDomain (284ms)
		LoadAssemblies (334ms)
		RebuildTransferFunctionScriptingTraits (0ms)
		AnalyzeDomain (21ms)
			TypeCache.Refresh (8ms)
				TypeCache.ScanAssembly (0ms)
			ScanForSourceGeneratedMonoScriptInfo (0ms)
			ResolveRequiredComponents (11ms)
	FinalizeReload (949ms)
		ReleaseScriptCaches (0ms)
		RebuildScriptCaches (0ms)
		SetupLoadedEditorAssemblies (393ms)
			LogAssemblyErrors (0ms)
			InitializePlatformSupportModulesInManaged (4ms)
			SetLoadedEditorAssemblies (4ms)
			RefreshPlugins (0ms)
			BeforeProcessingInitializeOnLoad (74ms)
			ProcessInitializeOnLoadAttributes (245ms)
			ProcessInitializeOnLoadMethodAttributes (61ms)
			AfterProcessingInitializeOnLoad (4ms)
			EditorAssembliesLoaded (0ms)
		ExecutionOrderSort2 (0ms)
		AwakeInstancesAfterBackupRestoration (10ms)
Refreshing native plugins compatible for Editor in 4.92 ms, found 3 plugins.
Preloading 0 native plugins for Editor in 0.00 ms.
Unloading 5668 Unused Serialized files (Serialized files now loaded: 0)
Unloading 66 unused Assets / (330.5 KB). Loaded Objects now: 6409.
Memory consumption went from 195.0 MB to 194.7 MB.
Total: 3.267700 ms (FindLiveObjects: 0.421200 ms CreateObjectMapping: 0.170300 ms MarkObjects: 2.546900 ms  DeleteObjects: 0.128600 ms)

Prepare: number of updated asset objects reloaded= 0
AssetImportParameters requested are different than current active one (requested -> active):
  custom:container-demuxer-ogg: 62fdf1f143b41e24485cea50d1cbac27 -> 
  custom:video-codec-MediaFoundation-h265: 746d11721c4dcdbdad8f713fa42b33f4 -> 
  custom:video-decoder-ogg-theora: a1e56fd34408186e4bbccfd4996cb3dc -> 
  custom:framework-win-MediaFoundation: 216162199b28c13a410421893ffa2e32 -> 
  custom:CustomObjectIndexerAttribute: a3ef5dd2817f97addfee359851a9dba5 -> 
  custom:container-demuxer-webm: 4f35f7cbe854078d1ac9338744f61a02 -> 
  custom:container-muxer-webm: aa71ff27fc2769a1b78a27578f13a17b -> 
  custom:video-decoder-webm-vp8: 9c59270c3fd7afecdb556c50c9e8de78 -> 
  custom:SearchIndexIgnoredProperties: e643bd26f0fe6173181afceb89e7c659 -> 
  custom:AudioImporter_EditorPlatform: d09bf68614088b80899f8185d706f6e7 -> 
  custom:video-encoder-webm-vp8: eb34c28f22e8b96e1ab97ce403110664 -> 
  custom:audio-decoder-ogg-vorbis: bf7c407c2cedff20999df2af8eb42d56 -> 
  custom:audio-encoder-webm-vorbis: bf7c407c2cedff20999df2af8eb42d56 -> 
Editor requested this worker to shutdown with reason: Scaling down because of idle timeout
TcpMessagingSession - receive error: operation aborted. errorcode: 995, details: Lopration dentre/sortie a t abandonne en raison de larrt dun thread ou  la demande dune application.
AssetImportWorker is now disconnected from the server
Process exiting
Exiting without the bug reporter. Application will terminate with return code 0