Using pre-set license
Built from '2022.3/staging' branch; Version is '2022.3.10f1 (ff3792e53c62) revision 16725906'; Using compiler version '192829333'; Build Type 'Release'
OS: 'Windows 11  (10.0.22621) 64bit Professional' Language: 'fr' Physical Memory: 16287 MB
BatchMode: 1, IsHumanControllingUs: 0, StartBugReporterOnCrash: 0, Is64bit: 1, IsPro: 1

COMMAND LINE ARGUMENTS:
C:\Program Files\Unity\Hub\Editor\2022.3.10f1\Editor\Unity.exe
-adb2
-batchMode
-noUpm
-name
AssetImportWorker4
-projectPath
C:/Programmation/M2_Gamagora/IA_JV
-logFile
Logs/AssetImportWorker4.log
-srvPort
59427
Successfully changed project path to: C:/Programmation/M2_Gamagora/IA_JV
C:/Programmation/M2_Gamagora/IA_JV
[UnityMemory] Configuration Parameters - Can be set up in boot.config
    "memorysetup-bucket-allocator-granularity=16"
    "memorysetup-bucket-allocator-bucket-count=8"
    "memorysetup-bucket-allocator-block-size=33554432"
    "memorysetup-bucket-allocator-block-count=8"
    "memorysetup-main-allocator-block-size=16777216"
    "memorysetup-thread-allocator-block-size=16777216"
    "memorysetup-gfx-main-allocator-block-size=16777216"
    "memorysetup-gfx-thread-allocator-block-size=16777216"
    "memorysetup-cache-allocator-block-size=4194304"
    "memorysetup-typetree-allocator-block-size=2097152"
    "memorysetup-profiler-bucket-allocator-granularity=16"
    "memorysetup-profiler-bucket-allocator-bucket-count=8"
    "memorysetup-profiler-bucket-allocator-block-size=33554432"
    "memorysetup-profiler-bucket-allocator-block-count=8"
    "memorysetup-profiler-allocator-block-size=16777216"
    "memorysetup-profiler-editor-allocator-block-size=1048576"
    "memorysetup-temp-allocator-size-main=16777216"
    "memorysetup-job-temp-allocator-block-size=2097152"
    "memorysetup-job-temp-allocator-block-size-background=1048576"
    "memorysetup-job-temp-allocator-reduction-small-platforms=262144"
    "memorysetup-allocator-temp-initial-block-size-main=262144"
    "memorysetup-allocator-temp-initial-block-size-worker=262144"
    "memorysetup-temp-allocator-size-background-worker=32768"
    "memorysetup-temp-allocator-size-job-worker=262144"
    "memorysetup-temp-allocator-size-preload-manager=33554432"
    "memorysetup-temp-allocator-size-nav-mesh-worker=65536"
    "memorysetup-temp-allocator-size-audio-worker=65536"
    "memorysetup-temp-allocator-size-cloud-worker=32768"
    "memorysetup-temp-allocator-size-gi-baking-worker=262144"
    "memorysetup-temp-allocator-size-gfx=262144"
Player connection [31848] Host "[IP] 192.168.56.1 [Port] 0 [Flags] 2 [Guid] 3870936835 [EditorId] 3870936835 [Version] 1048832 [Id] WindowsEditor(7,DESKTOP-HGU438E) [Debug] 1 [PackageName] WindowsEditor [ProjectName] Editor" joined multi-casting on [225.0.0.222:54997]...

Player connection [31848] Host "[IP] 192.168.56.1 [Port] 0 [Flags] 2 [Guid] 3870936835 [EditorId] 3870936835 [Version] 1048832 [Id] WindowsEditor(7,DESKTOP-HGU438E) [Debug] 1 [PackageName] WindowsEditor [ProjectName] Editor" joined alternative multi-casting on [225.0.0.222:34997]...

[Physics::Module] Initialized MultithreadedJobDispatcher with 11 workers.
Refreshing native plugins compatible for Editor in 13.99 ms, found 3 plugins.
Preloading 0 native plugins for Editor in 0.00 ms.
Initialize engine version: 2022.3.10f1 (ff3792e53c62)
[Subsystems] Discovering subsystems at path C:/Program Files/Unity/Hub/Editor/2022.3.10f1/Editor/Data/Resources/UnitySubsystems
[Subsystems] Discovering subsystems at path C:/Programmation/M2_Gamagora/IA_JV/Assets
GfxDevice: creating device client; threaded=0; jobified=0
Direct3D:
    Version:  Direct3D 11.0 [level 11.1]
    Renderer: NVIDIA GeForce GTX 1060 6GB (ID=0x1c03)
    Vendor:   NVIDIA
    VRAM:     6044 MB
    Driver:   31.0.15.3667
Initialize mono
Mono path[0] = 'C:/Program Files/Unity/Hub/Editor/2022.3.10f1/Editor/Data/Managed'
Mono path[1] = 'C:/Program Files/Unity/Hub/Editor/2022.3.10f1/Editor/Data/MonoBleedingEdge/lib/mono/unityjit-win32'
Mono config path = 'C:/Program Files/Unity/Hub/Editor/2022.3.10f1/Editor/Data/MonoBleedingEdge/etc'
Using monoOptions --debugger-agent=transport=dt_socket,embedding=1,server=y,suspend=n,address=127.0.0.1:56900
Begin MonoManager ReloadAssembly
Registering precompiled unity dll's ...
Register platform support module: C:/Program Files/Unity/Hub/Editor/2022.3.10f1/Editor/Data/PlaybackEngines/WindowsStandaloneSupport/UnityEditor.WindowsStandalone.Extensions.dll
Registered in 0.003943 seconds.
- Loaded All Assemblies, in  0.264 seconds
Native extension for WindowsStandalone target not found
Mono: successfully reloaded assembly
- Finished resetting the current domain, in  0.193 seconds
Domain Reload Profiling: 456ms
	BeginReloadAssembly (90ms)
		ExecutionOrderSort (0ms)
		DisableScriptedObjects (0ms)
		BackupInstance (0ms)
		ReleaseScriptingObjects (0ms)
		CreateAndSetChildDomain (1ms)
	RebuildCommonClasses (31ms)
	RebuildNativeTypeToScriptingClass (7ms)
	initialDomainReloadingComplete (40ms)
	LoadAllAssembliesAndSetupDomain (94ms)
		LoadAssemblies (89ms)
		RebuildTransferFunctionScriptingTraits (0ms)
		AnalyzeDomain (92ms)
			TypeCache.Refresh (91ms)
				TypeCache.ScanAssembly (82ms)
			ScanForSourceGeneratedMonoScriptInfo (0ms)
			ResolveRequiredComponents (0ms)
	FinalizeReload (193ms)
		ReleaseScriptCaches (0ms)
		RebuildScriptCaches (0ms)
		SetupLoadedEditorAssemblies (149ms)
			LogAssemblyErrors (0ms)
			InitializePlatformSupportModulesInManaged (7ms)
			SetLoadedEditorAssemblies (5ms)
			RefreshPlugins (0ms)
			BeforeProcessingInitializeOnLoad (2ms)
			ProcessInitializeOnLoadAttributes (99ms)
			ProcessInitializeOnLoadMethodAttributes (36ms)
			AfterProcessingInitializeOnLoad (0ms)
			EditorAssembliesLoaded (0ms)
		ExecutionOrderSort2 (0ms)
		AwakeInstancesAfterBackupRestoration (0ms)
========================================================================
Worker process is ready to serve import requests
Begin MonoManager ReloadAssembly
Symbol file LoadedFromMemory is not a mono symbol file
- Loaded All Assemblies, in  0.703 seconds
Refreshing native plugins compatible for Editor in 5.32 ms, found 3 plugins.
Native extension for WindowsStandalone target not found
Package Manager log level set to [2]
[Package Manager] Server::EnsureServerProcessIsRunning -- launch failed, reason: Unity was launched with the -noUpm command-line argument
[Package Manager] UpmClient::Send -- Unable to send message (not connected to UPM process).
[Package Manager] Cannot connect to Unity Package Manager local server
Mono: successfully reloaded assembly
- Finished resetting the current domain, in  0.539 seconds
Domain Reload Profiling: 1241ms
	BeginReloadAssembly (145ms)
		ExecutionOrderSort (0ms)
		DisableScriptedObjects (5ms)
		BackupInstance (0ms)
		ReleaseScriptingObjects (0ms)
		CreateAndSetChildDomain (25ms)
	RebuildCommonClasses (29ms)
	RebuildNativeTypeToScriptingClass (13ms)
	initialDomainReloadingComplete (34ms)
	LoadAllAssembliesAndSetupDomain (480ms)
		LoadAssemblies (318ms)
		RebuildTransferFunctionScriptingTraits (0ms)
		AnalyzeDomain (240ms)
			TypeCache.Refresh (208ms)
				TypeCache.ScanAssembly (189ms)
			ScanForSourceGeneratedMonoScriptInfo (22ms)
			ResolveRequiredComponents (9ms)
	FinalizeReload (540ms)
		ReleaseScriptCaches (0ms)
		RebuildScriptCaches (0ms)
		SetupLoadedEditorAssemblies (411ms)
			LogAssemblyErrors (0ms)
			InitializePlatformSupportModulesInManaged (4ms)
			SetLoadedEditorAssemblies (4ms)
			RefreshPlugins (0ms)
			BeforeProcessingInitializeOnLoad (79ms)
			ProcessInitializeOnLoadAttributes (256ms)
			ProcessInitializeOnLoadMethodAttributes (64ms)
			AfterProcessingInitializeOnLoad (4ms)
			EditorAssembliesLoaded (0ms)
		ExecutionOrderSort2 (0ms)
		AwakeInstancesAfterBackupRestoration (5ms)
Launched and connected shader compiler UnityShaderCompiler.exe after 0.04 seconds
Refreshing native plugins compatible for Editor in 5.42 ms, found 3 plugins.
Preloading 0 native plugins for Editor in 0.00 ms.
Unloading 5818 Unused Serialized files (Serialized files now loaded: 0)
Unloading 96 unused Assets / (361.3 KB). Loaded Objects now: 6257.
Memory consumption went from 215.4 MB to 215.1 MB.
Total: 3.486300 ms (FindLiveObjects: 0.404700 ms CreateObjectMapping: 0.153200 ms MarkObjects: 2.703400 ms  DeleteObjects: 0.224200 ms)

AssetImportParameters requested are different than current active one (requested -> active):
  custom:container-demuxer-ogg: 62fdf1f143b41e24485cea50d1cbac27 -> 
  custom:video-codec-MediaFoundation-h265: 746d11721c4dcdbdad8f713fa42b33f4 -> 
  custom:video-decoder-ogg-theora: a1e56fd34408186e4bbccfd4996cb3dc -> 
  custom:framework-win-MediaFoundation: 216162199b28c13a410421893ffa2e32 -> 
  custom:CustomObjectIndexerAttribute: a3ef5dd2817f97addfee359851a9dba5 -> 
  custom:container-demuxer-webm: 4f35f7cbe854078d1ac9338744f61a02 -> 
  custom:container-muxer-webm: aa71ff27fc2769a1b78a27578f13a17b -> 
  custom:video-decoder-webm-vp8: 9c59270c3fd7afecdb556c50c9e8de78 -> 
  custom:SearchIndexIgnoredProperties: e643bd26f0fe6173181afceb89e7c659 -> 
  custom:AudioImporter_EditorPlatform: d09bf68614088b80899f8185d706f6e7 -> 
  custom:video-encoder-webm-vp8: eb34c28f22e8b96e1ab97ce403110664 -> 
  custom:audio-decoder-ogg-vorbis: bf7c407c2cedff20999df2af8eb42d56 -> 
  custom:audio-encoder-webm-vorbis: bf7c407c2cedff20999df2af8eb42d56 -> 
========================================================================
Received Import Request.
  Time since last request: 34485.713556 seconds.
  path: Assets/Prefabs/Tilemap/Tiles/Tiny Tower_48.asset
  artifactKey: Guid(c4a97ff4361c0834b90133db79669fe4) Importer(815301076,1909f56bfc062723c751e8b465ee728b)
Start importing Assets/Prefabs/Tilemap/Tiles/Tiny Tower_48.asset using Guid(c4a97ff4361c0834b90133db79669fe4) Importer(815301076,1909f56bfc062723c751e8b465ee728b)  -> (artifact id: 'e2a44a698f365f07eabaa10591e41790') in 0.080812 seconds
Number of updated asset objects reloaded before import = 0
Number of asset objects unloaded after import = 3
========================================================================
Received Import Request.
  Time since last request: 0.098599 seconds.
  path: Assets/Prefabs/Tilemap/Tiles/Tiny Tower_52.asset
  artifactKey: Guid(2bc838d10d690ab4baf033be17e7ae03) Importer(815301076,1909f56bfc062723c751e8b465ee728b)
Start importing Assets/Prefabs/Tilemap/Tiles/Tiny Tower_52.asset using Guid(2bc838d10d690ab4baf033be17e7ae03) Importer(815301076,1909f56bfc062723c751e8b465ee728b)  -> (artifact id: '88645ca8b6dd3028c4948f218786f9d4') in 0.010198 seconds
Number of updated asset objects reloaded before import = 0
Number of asset objects unloaded after import = 3
========================================================================
Received Import Request.
  Time since last request: 0.049160 seconds.
  path: Assets/Prefabs/Tilemap/Tiles/Tiny Tower_56.asset
  artifactKey: Guid(a6919a6fd5c60eb44ada57b72a0a41f9) Importer(815301076,1909f56bfc062723c751e8b465ee728b)
Start importing Assets/Prefabs/Tilemap/Tiles/Tiny Tower_56.asset using Guid(a6919a6fd5c60eb44ada57b72a0a41f9) Importer(815301076,1909f56bfc062723c751e8b465ee728b)  -> (artifact id: 'f05608ca1485ba0d8d0f98ddeb90deed') in 0.010053 seconds
Number of updated asset objects reloaded before import = 0
Number of asset objects unloaded after import = 3
========================================================================
Received Import Request.
  Time since last request: 0.000015 seconds.
  path: Assets/Prefabs/Tilemap/Tiles/Tiny Tower_61.asset
  artifactKey: Guid(a1963862c4ea3a542bd1528ea7e37a61) Importer(815301076,1909f56bfc062723c751e8b465ee728b)
Start importing Assets/Prefabs/Tilemap/Tiles/Tiny Tower_61.asset using Guid(a1963862c4ea3a542bd1528ea7e37a61) Importer(815301076,1909f56bfc062723c751e8b465ee728b)  -> (artifact id: '5948a6765684321067394746aea559a9') in 0.010512 seconds
Number of updated asset objects reloaded before import = 0
Number of asset objects unloaded after import = 3
========================================================================
Received Import Request.
  Time since last request: 0.298302 seconds.
  path: Assets/Prefabs/Tilemap/Tiles/Tiny Tower_68.asset
  artifactKey: Guid(4f82be7da7a393f469fd2c6c37063409) Importer(815301076,1909f56bfc062723c751e8b465ee728b)
Start importing Assets/Prefabs/Tilemap/Tiles/Tiny Tower_68.asset using Guid(4f82be7da7a393f469fd2c6c37063409) Importer(815301076,1909f56bfc062723c751e8b465ee728b)  -> (artifact id: '85cd1c76c9dbc58ee6b2a2694893b45f') in 0.011590 seconds
Number of updated asset objects reloaded before import = 0
Number of asset objects unloaded after import = 3
========================================================================
Received Import Request.
  Time since last request: 0.000014 seconds.
  path: Assets/Prefabs/Tilemap/Tiles/Tiny Tower_71.asset
  artifactKey: Guid(45722640a516268498af87dbd2326863) Importer(815301076,1909f56bfc062723c751e8b465ee728b)
Start importing Assets/Prefabs/Tilemap/Tiles/Tiny Tower_71.asset using Guid(45722640a516268498af87dbd2326863) Importer(815301076,1909f56bfc062723c751e8b465ee728b)  -> (artifact id: 'f667ca84ddd5c51c6a7ccaccdae17b6a') in 0.010684 seconds
Number of updated asset objects reloaded before import = 0
Number of asset objects unloaded after import = 3
========================================================================
Received Import Request.
  Time since last request: 0.317443 seconds.
  path: Assets/Prefabs/Tilemap/Tiles/Tiny Tower_72.asset
  artifactKey: Guid(894bcbea99be75947a93bea553718865) Importer(815301076,1909f56bfc062723c751e8b465ee728b)
Start importing Assets/Prefabs/Tilemap/Tiles/Tiny Tower_72.asset using Guid(894bcbea99be75947a93bea553718865) Importer(815301076,1909f56bfc062723c751e8b465ee728b)  -> (artifact id: '1782f7df295c8908f7278ea5ba25c85c') in 0.011568 seconds
Number of updated asset objects reloaded before import = 0
Number of asset objects unloaded after import = 3
========================================================================
Received Import Request.
  Time since last request: 0.032286 seconds.
  path: Assets/Prefabs/Tilemap/Tiles/Tiny Tower_76.asset
  artifactKey: Guid(defdc897f2f0ac646885f128a4ec1e00) Importer(815301076,1909f56bfc062723c751e8b465ee728b)
Start importing Assets/Prefabs/Tilemap/Tiles/Tiny Tower_76.asset using Guid(defdc897f2f0ac646885f128a4ec1e00) Importer(815301076,1909f56bfc062723c751e8b465ee728b)  -> (artifact id: '9ff0540b84eecba3b33401e9c04fdb0f') in 0.010264 seconds
Number of updated asset objects reloaded before import = 0
Number of asset objects unloaded after import = 3
========================================================================
Received Import Request.
  Time since last request: 0.000015 seconds.
  path: Assets/Prefabs/Tilemap/Tiles/Tiny Tower_95.asset
  artifactKey: Guid(32e64f3ba7249a149bfea7022fc07115) Importer(815301076,1909f56bfc062723c751e8b465ee728b)
Start importing Assets/Prefabs/Tilemap/Tiles/Tiny Tower_95.asset using Guid(32e64f3ba7249a149bfea7022fc07115) Importer(815301076,1909f56bfc062723c751e8b465ee728b)  -> (artifact id: 'c3da665bd30ff23ba12af5bab25539f0') in 0.008990 seconds
Number of updated asset objects reloaded before import = 0
Number of asset objects unloaded after import = 3
========================================================================
Received Import Request.
  Time since last request: 0.312903 seconds.
  path: Assets/Prefabs/Tilemap/Tiles/Tiny Tower_96.asset
  artifactKey: Guid(03db93c9ead35094e86a924f6cbc7a00) Importer(815301076,1909f56bfc062723c751e8b465ee728b)
Start importing Assets/Prefabs/Tilemap/Tiles/Tiny Tower_96.asset using Guid(03db93c9ead35094e86a924f6cbc7a00) Importer(815301076,1909f56bfc062723c751e8b465ee728b)  -> (artifact id: '21f8022b3e26e819b119621b35a5a49c') in 0.011386 seconds
Number of updated asset objects reloaded before import = 0
Number of asset objects unloaded after import = 3
========================================================================
Received Import Request.
  Time since last request: 0.063611 seconds.
  path: Assets/Prefabs/Tilemap/Tiles/Tiny Tower_102.asset
  artifactKey: Guid(9b630200f2e7bae4380034e632c6c6ff) Importer(815301076,1909f56bfc062723c751e8b465ee728b)
Start importing Assets/Prefabs/Tilemap/Tiles/Tiny Tower_102.asset using Guid(9b630200f2e7bae4380034e632c6c6ff) Importer(815301076,1909f56bfc062723c751e8b465ee728b)  -> (artifact id: '178d92333d22e98ac8ff23f1516b0f80') in 0.010655 seconds
Number of updated asset objects reloaded before import = 0
Number of asset objects unloaded after import = 3
========================================================================
Received Import Request.
  Time since last request: 0.306360 seconds.
  path: Assets/Prefabs/Tilemap/Tiles/Tiny Tower_112.asset
  artifactKey: Guid(45162e6006995e84c8a9e66a10ab524f) Importer(815301076,1909f56bfc062723c751e8b465ee728b)
Start importing Assets/Prefabs/Tilemap/Tiles/Tiny Tower_112.asset using Guid(45162e6006995e84c8a9e66a10ab524f) Importer(815301076,1909f56bfc062723c751e8b465ee728b)  -> (artifact id: 'cfd3547d3102977cd150cb06b7fcaa95') in 0.010131 seconds
Number of updated asset objects reloaded before import = 0
Number of asset objects unloaded after import = 3
========================================================================
Received Import Request.
  Time since last request: 0.052403 seconds.
  path: Assets/Prefabs/Tilemap/Tiles/Tiny Tower_124.asset
  artifactKey: Guid(db509991a1594754084f2cc28862e250) Importer(815301076,1909f56bfc062723c751e8b465ee728b)
Start importing Assets/Prefabs/Tilemap/Tiles/Tiny Tower_124.asset using Guid(db509991a1594754084f2cc28862e250) Importer(815301076,1909f56bfc062723c751e8b465ee728b)  -> (artifact id: '347ae1372b83bce6095c291a1be05f8b') in 0.011938 seconds
Number of updated asset objects reloaded before import = 0
Number of asset objects unloaded after import = 3
========================================================================
Received Import Request.
  Time since last request: 0.308628 seconds.
  path: Assets/Prefabs/Tilemap/Tiles/Tiny Tower_130.asset
  artifactKey: Guid(db9ffc1349f6c9b4ba8d9e9ce3b7a9fc) Importer(815301076,1909f56bfc062723c751e8b465ee728b)
Start importing Assets/Prefabs/Tilemap/Tiles/Tiny Tower_130.asset using Guid(db9ffc1349f6c9b4ba8d9e9ce3b7a9fc) Importer(815301076,1909f56bfc062723c751e8b465ee728b)  -> (artifact id: '255d19191b6f5329d97cd67ebc3fe83a') in 0.011178 seconds
Number of updated asset objects reloaded before import = 0
Number of asset objects unloaded after import = 3
========================================================================
Received Import Request.
  Time since last request: 0.032375 seconds.
  path: Assets/Prefabs/Tilemap/Tiles/Tiny Tower_159.asset
  artifactKey: Guid(bc77b71a9cb3e7347b063ce82e39b2db) Importer(815301076,1909f56bfc062723c751e8b465ee728b)
Start importing Assets/Prefabs/Tilemap/Tiles/Tiny Tower_159.asset using Guid(bc77b71a9cb3e7347b063ce82e39b2db) Importer(815301076,1909f56bfc062723c751e8b465ee728b)  -> (artifact id: '48b256901b6fad01f69af770eaff0ecf') in 0.010749 seconds
Number of updated asset objects reloaded before import = 0
Number of asset objects unloaded after import = 3
========================================================================
Received Import Request.
  Time since last request: 0.340509 seconds.
  path: Assets/Prefabs/Tilemap/Tiles/Tiny Tower_197.asset
  artifactKey: Guid(6feefb6be71246c4db54135ebf34c800) Importer(815301076,1909f56bfc062723c751e8b465ee728b)
Start importing Assets/Prefabs/Tilemap/Tiles/Tiny Tower_197.asset using Guid(6feefb6be71246c4db54135ebf34c800) Importer(815301076,1909f56bfc062723c751e8b465ee728b)  -> (artifact id: 'bc0a95b7e2950bd8afc974a277b7fc38') in 0.010770 seconds
Number of updated asset objects reloaded before import = 0
Number of asset objects unloaded after import = 3
========================================================================
Received Import Request.
  Time since last request: 0.077808 seconds.
  path: Assets/Prefabs/Tilemap/Tiles/Tiny Tower_203.asset
  artifactKey: Guid(46bebeed85a92684e812a3be915fc616) Importer(815301076,1909f56bfc062723c751e8b465ee728b)
Start importing Assets/Prefabs/Tilemap/Tiles/Tiny Tower_203.asset using Guid(46bebeed85a92684e812a3be915fc616) Importer(815301076,1909f56bfc062723c751e8b465ee728b)  -> (artifact id: '34de8ffbb9501aca0fea9a8e28908fb1') in 0.010969 seconds
Number of updated asset objects reloaded before import = 0
Number of asset objects unloaded after import = 3
========================================================================
Received Import Request.
  Time since last request: 0.318388 seconds.
  path: Assets/Prefabs/Tilemap/Tiles/Tiny Tower_207.asset
  artifactKey: Guid(efdfde581cf9edd489858ac004c33eab) Importer(815301076,1909f56bfc062723c751e8b465ee728b)
Start importing Assets/Prefabs/Tilemap/Tiles/Tiny Tower_207.asset using Guid(efdfde581cf9edd489858ac004c33eab) Importer(815301076,1909f56bfc062723c751e8b465ee728b)  -> (artifact id: '97506d1c63c5f87cc051e87d19ba1184') in 0.010455 seconds
Number of updated asset objects reloaded before import = 0
Number of asset objects unloaded after import = 3
========================================================================
Received Import Request.
  Time since last request: 0.113217 seconds.
  path: Assets/Prefabs/Tilemap/Tiles/Tiny Tower_211.asset
  artifactKey: Guid(1bacb66401aa6ef48bec032cdedf868f) Importer(815301076,1909f56bfc062723c751e8b465ee728b)
Start importing Assets/Prefabs/Tilemap/Tiles/Tiny Tower_211.asset using Guid(1bacb66401aa6ef48bec032cdedf868f) Importer(815301076,1909f56bfc062723c751e8b465ee728b)  -> (artifact id: 'bd00073ae250c6071af8aa6ef3f3f5f7') in 0.010982 seconds
Number of updated asset objects reloaded before import = 0
Number of asset objects unloaded after import = 3
========================================================================
Received Import Request.
  Time since last request: 0.300403 seconds.
  path: Assets/Prefabs/Tilemap/Tiles/Tiny Tower_215.asset
  artifactKey: Guid(652cf86be3c882c4a812169b11ff339c) Importer(815301076,1909f56bfc062723c751e8b465ee728b)
Start importing Assets/Prefabs/Tilemap/Tiles/Tiny Tower_215.asset using Guid(652cf86be3c882c4a812169b11ff339c) Importer(815301076,1909f56bfc062723c751e8b465ee728b)  -> (artifact id: '581b8d53db6da8b6769a5d4506cff3ab') in 0.010925 seconds
Number of updated asset objects reloaded before import = 0
Number of asset objects unloaded after import = 3
========================================================================
Received Import Request.
  Time since last request: 0.082578 seconds.
  path: Assets/Prefabs/Tilemap/Tiles/Tiny Tower_219.asset
  artifactKey: Guid(b511470117e5ff5458f6d08508cfa5a9) Importer(815301076,1909f56bfc062723c751e8b465ee728b)
Start importing Assets/Prefabs/Tilemap/Tiles/Tiny Tower_219.asset using Guid(b511470117e5ff5458f6d08508cfa5a9) Importer(815301076,1909f56bfc062723c751e8b465ee728b)  -> (artifact id: '8d7ff06ad99ed7c67095e68ab8ba8730') in 0.010073 seconds
Number of updated asset objects reloaded before import = 0
Number of asset objects unloaded after import = 3
========================================================================
Received Import Request.
  Time since last request: 0.319840 seconds.
  path: Assets/Prefabs/Tilemap/Tiles/Tiny Tower_225.asset
  artifactKey: Guid(45eed7f5ef87cf746b40a682c79a3319) Importer(815301076,1909f56bfc062723c751e8b465ee728b)
Start importing Assets/Prefabs/Tilemap/Tiles/Tiny Tower_225.asset using Guid(45eed7f5ef87cf746b40a682c79a3319) Importer(815301076,1909f56bfc062723c751e8b465ee728b)  -> (artifact id: '5ced402286d927c8d8d24031d86b5ed3') in 0.010926 seconds
Number of updated asset objects reloaded before import = 0
Number of asset objects unloaded after import = 3
========================================================================
Received Import Request.
  Time since last request: 0.054011 seconds.
  path: Assets/Prefabs/Tilemap/Tiles/Tiny Tower_233.asset
  artifactKey: Guid(6751c5ec5ed785841bfe0ab3cd776a41) Importer(815301076,1909f56bfc062723c751e8b465ee728b)
Start importing Assets/Prefabs/Tilemap/Tiles/Tiny Tower_233.asset using Guid(6751c5ec5ed785841bfe0ab3cd776a41) Importer(815301076,1909f56bfc062723c751e8b465ee728b)  -> (artifact id: 'a7685b031ef4a1de38a2007c7269c4ff') in 0.010762 seconds
Number of updated asset objects reloaded before import = 0
Number of asset objects unloaded after import = 3
========================================================================
Received Import Request.
  Time since last request: 0.831891 seconds.
  path: Assets/Prefabs/Tilemap/Tiles/Tiny Tower_237.asset
  artifactKey: Guid(6766f4fabfab97e47b1ea56854f165ea) Importer(815301076,1909f56bfc062723c751e8b465ee728b)
Start importing Assets/Prefabs/Tilemap/Tiles/Tiny Tower_237.asset using Guid(6766f4fabfab97e47b1ea56854f165ea) Importer(815301076,1909f56bfc062723c751e8b465ee728b)  -> (artifact id: 'cb1df550f50d4bb09c92dcb1bf89ad34') in 0.010716 seconds
Number of updated asset objects reloaded before import = 0
Number of asset objects unloaded after import = 3
========================================================================
Received Import Request.
  Time since last request: 0.231333 seconds.
  path: Assets/Prefabs/Tilemap/Tiles/Tiny Tower_243.asset
  artifactKey: Guid(cdcfc5d5431a5cb4b8c83599abd063bc) Importer(815301076,1909f56bfc062723c751e8b465ee728b)
Start importing Assets/Prefabs/Tilemap/Tiles/Tiny Tower_243.asset using Guid(cdcfc5d5431a5cb4b8c83599abd063bc) Importer(815301076,1909f56bfc062723c751e8b465ee728b)  -> (artifact id: '52432e317d5625677880f6a9e660055d') in 0.010420 seconds
Number of updated asset objects reloaded before import = 0
Number of asset objects unloaded after import = 3
========================================================================
Received Import Request.
  Time since last request: 0.354348 seconds.
  path: Assets/Prefabs/Tilemap/Tiles/Tiny Tower_249.asset
  artifactKey: Guid(b45ea363a682d864b82543741b459fea) Importer(815301076,1909f56bfc062723c751e8b465ee728b)
Start importing Assets/Prefabs/Tilemap/Tiles/Tiny Tower_249.asset using Guid(b45ea363a682d864b82543741b459fea) Importer(815301076,1909f56bfc062723c751e8b465ee728b)  -> (artifact id: 'a366d31978a0346379f4ac0fcb78347a') in 0.009931 seconds
Number of updated asset objects reloaded before import = 0
Number of asset objects unloaded after import = 3
========================================================================
Received Import Request.
  Time since last request: 0.021330 seconds.
  path: Assets/Prefabs/Tilemap/Tiles/Tiny Tower_255.asset
  artifactKey: Guid(39b321abeb866b0438eee50407b1f33b) Importer(815301076,1909f56bfc062723c751e8b465ee728b)
Start importing Assets/Prefabs/Tilemap/Tiles/Tiny Tower_255.asset using Guid(39b321abeb866b0438eee50407b1f33b) Importer(815301076,1909f56bfc062723c751e8b465ee728b)  -> (artifact id: '724dd7fd967fe3da72dbef81fdffbdf1') in 0.010677 seconds
Number of updated asset objects reloaded before import = 0
Number of asset objects unloaded after import = 3
========================================================================
Received Import Request.
  Time since last request: 0.057545 seconds.
  path: Assets/Prefabs/Tilemap/Tiles/Tiny Tower_259.asset
  artifactKey: Guid(a381f2f6edcd812478b29e104542569b) Importer(815301076,1909f56bfc062723c751e8b465ee728b)
Start importing Assets/Prefabs/Tilemap/Tiles/Tiny Tower_259.asset using Guid(a381f2f6edcd812478b29e104542569b) Importer(815301076,1909f56bfc062723c751e8b465ee728b)  -> (artifact id: '3abe4e2e458c0d3b821c4b004f814779') in 0.009379 seconds
Number of updated asset objects reloaded before import = 0
Number of asset objects unloaded after import = 3
========================================================================
Received Import Request.
  Time since last request: 0.297279 seconds.
  path: Assets/Prefabs/Tilemap/Tiles/Tiny Tower_263.asset
  artifactKey: Guid(0cc0ef0b889804743991bd9ce4128fa3) Importer(815301076,1909f56bfc062723c751e8b465ee728b)
Start importing Assets/Prefabs/Tilemap/Tiles/Tiny Tower_263.asset using Guid(0cc0ef0b889804743991bd9ce4128fa3) Importer(815301076,1909f56bfc062723c751e8b465ee728b)  -> (artifact id: '5a6403e132f3f5c5105373d725fcd737') in 0.010415 seconds
Number of updated asset objects reloaded before import = 0
Number of asset objects unloaded after import = 3
========================================================================
Received Import Request.
  Time since last request: 0.043391 seconds.
  path: Assets/Prefabs/Tilemap/Tiles/Tiny Tower_267.asset
  artifactKey: Guid(77f425dd722fbcf4f8d9b4eea28f728f) Importer(815301076,1909f56bfc062723c751e8b465ee728b)
Start importing Assets/Prefabs/Tilemap/Tiles/Tiny Tower_267.asset using Guid(77f425dd722fbcf4f8d9b4eea28f728f) Importer(815301076,1909f56bfc062723c751e8b465ee728b)  -> (artifact id: 'e81154900d9dbed70611fe9abe9cfa06') in 0.011236 seconds
Number of updated asset objects reloaded before import = 0
Number of asset objects unloaded after import = 3
========================================================================
Received Import Request.
  Time since last request: 0.024080 seconds.
  path: Assets/Prefabs/Tilemap/Tiles/Tiny Tower_271.asset
  artifactKey: Guid(e31ed8eca61bb00438989669c7676ef8) Importer(815301076,1909f56bfc062723c751e8b465ee728b)
Start importing Assets/Prefabs/Tilemap/Tiles/Tiny Tower_271.asset using Guid(e31ed8eca61bb00438989669c7676ef8) Importer(815301076,1909f56bfc062723c751e8b465ee728b)  -> (artifact id: '07cfadbb42d4ebf9221bddb9aeff64e9') in 0.010990 seconds
Number of updated asset objects reloaded before import = 0
Number of asset objects unloaded after import = 3
========================================================================
Received Import Request.
  Time since last request: 0.282367 seconds.
  path: Assets/Prefabs/Tilemap/Tiles/Tiny Tower_338.asset
  artifactKey: Guid(e53d2e6ec3b766144b31eac4698689fb) Importer(815301076,1909f56bfc062723c751e8b465ee728b)
Start importing Assets/Prefabs/Tilemap/Tiles/Tiny Tower_338.asset using Guid(e53d2e6ec3b766144b31eac4698689fb) Importer(815301076,1909f56bfc062723c751e8b465ee728b)  -> (artifact id: 'ee19805f2990e215fcf90d86cd08200f') in 0.011631 seconds
Number of updated asset objects reloaded before import = 0
Number of asset objects unloaded after import = 3
========================================================================
Received Import Request.
  Time since last request: 0.015589 seconds.
  path: Assets/Prefabs/Tilemap/Tiles/Tiny Tower_344.asset
  artifactKey: Guid(4c8e47a7f17e18e40a33f6bf4e27a213) Importer(815301076,1909f56bfc062723c751e8b465ee728b)
Start importing Assets/Prefabs/Tilemap/Tiles/Tiny Tower_344.asset using Guid(4c8e47a7f17e18e40a33f6bf4e27a213) Importer(815301076,1909f56bfc062723c751e8b465ee728b)  -> (artifact id: '43413d5e19148c5da53190ea23759d9a') in 0.010797 seconds
Number of updated asset objects reloaded before import = 0
Number of asset objects unloaded after import = 3
========================================================================
Received Import Request.
  Time since last request: 0.005644 seconds.
  path: Assets/Prefabs/Tilemap/Tiles/Tiny Tower_350.asset
  artifactKey: Guid(ec582167be817c349833277aa1bb3bda) Importer(815301076,1909f56bfc062723c751e8b465ee728b)
Start importing Assets/Prefabs/Tilemap/Tiles/Tiny Tower_350.asset using Guid(ec582167be817c349833277aa1bb3bda) Importer(815301076,1909f56bfc062723c751e8b465ee728b)  -> (artifact id: 'f110dbf6e1e64d902854e76128a4bf0f') in 0.010905 seconds
Number of updated asset objects reloaded before import = 0
Number of asset objects unloaded after import = 3
========================================================================
Received Import Request.
  Time since last request: 0.004958 seconds.
  path: Assets/Prefabs/Tilemap/Tiles/Tiny Tower_360.asset
  artifactKey: Guid(86f567b90c9c6e0439033b6a32ee3ce9) Importer(815301076,1909f56bfc062723c751e8b465ee728b)
Start importing Assets/Prefabs/Tilemap/Tiles/Tiny Tower_360.asset using Guid(86f567b90c9c6e0439033b6a32ee3ce9) Importer(815301076,1909f56bfc062723c751e8b465ee728b)  -> (artifact id: '1ece3cc6b3a711468241f0abab7a2b66') in 0.010542 seconds
Number of updated asset objects reloaded before import = 0
Number of asset objects unloaded after import = 3
========================================================================
Received Import Request.
  Time since last request: 0.290363 seconds.
  path: Assets/Prefabs/Tilemap/Tiles/Tiny Tower_366.asset
  artifactKey: Guid(b8a230bfc03493f4fbb3283e5a6d2367) Importer(815301076,1909f56bfc062723c751e8b465ee728b)
Start importing Assets/Prefabs/Tilemap/Tiles/Tiny Tower_366.asset using Guid(b8a230bfc03493f4fbb3283e5a6d2367) Importer(815301076,1909f56bfc062723c751e8b465ee728b)  -> (artifact id: 'd4f0868139a93d1f545ea7f4d47a9977') in 0.010581 seconds
Number of updated asset objects reloaded before import = 0
Number of asset objects unloaded after import = 3
========================================================================
Received Import Request.
  Time since last request: 0.016021 seconds.
  path: Assets/Prefabs/Tilemap/Tiles/Tiny Tower_372.asset
  artifactKey: Guid(f9c8215fed870d04dbcb00d3b535db6d) Importer(815301076,1909f56bfc062723c751e8b465ee728b)
Start importing Assets/Prefabs/Tilemap/Tiles/Tiny Tower_372.asset using Guid(f9c8215fed870d04dbcb00d3b535db6d) Importer(815301076,1909f56bfc062723c751e8b465ee728b)  -> (artifact id: 'f5b5d6dae957d8dfdb64a09416bd7906') in 0.010855 seconds
Number of updated asset objects reloaded before import = 0
Number of asset objects unloaded after import = 3
========================================================================
Received Import Request.
  Time since last request: 0.000256 seconds.
  path: Assets/Prefabs/Tilemap/Tiles/Tiny Tower_385.asset
  artifactKey: Guid(bd4e06216850bd84486cf57aba936baa) Importer(815301076,1909f56bfc062723c751e8b465ee728b)
Start importing Assets/Prefabs/Tilemap/Tiles/Tiny Tower_385.asset using Guid(bd4e06216850bd84486cf57aba936baa) Importer(815301076,1909f56bfc062723c751e8b465ee728b)  -> (artifact id: '4b8befc67c6766fef652cb26bf678f34') in 0.010371 seconds
Number of updated asset objects reloaded before import = 0
Number of asset objects unloaded after import = 3
========================================================================
Received Import Request.
  Time since last request: 0.015722 seconds.
  path: Assets/Prefabs/Tilemap/Tiles/Tiny Tower_386.asset
  artifactKey: Guid(065c3a3191da4894c805c17e2498bdbd) Importer(815301076,1909f56bfc062723c751e8b465ee728b)
Start importing Assets/Prefabs/Tilemap/Tiles/Tiny Tower_386.asset using Guid(065c3a3191da4894c805c17e2498bdbd) Importer(815301076,1909f56bfc062723c751e8b465ee728b)  -> (artifact id: 'f27cbaf0b29264d2e06098f5f7fa5cc9') in 0.011345 seconds
Number of updated asset objects reloaded before import = 0
Number of asset objects unloaded after import = 3
========================================================================
Received Import Request.
  Time since last request: 0.258788 seconds.
  path: Assets/Prefabs/Tilemap/Tiles/Tiny Tower_392.asset
  artifactKey: Guid(215089149561fcc49867859c8cdabfb5) Importer(815301076,1909f56bfc062723c751e8b465ee728b)
Start importing Assets/Prefabs/Tilemap/Tiles/Tiny Tower_392.asset using Guid(215089149561fcc49867859c8cdabfb5) Importer(815301076,1909f56bfc062723c751e8b465ee728b)  -> (artifact id: '75b48aad750bc4de29fd3dfe079cfc26') in 0.005613 seconds
Number of updated asset objects reloaded before import = 0
Number of asset objects unloaded after import = 3
========================================================================
Received Import Request.
  Time since last request: 0.016577 seconds.
  path: Assets/Prefabs/Tilemap/Tiles/Tiny Tower_398.asset
  artifactKey: Guid(45afa435dc371b149b9b54d67f390400) Importer(815301076,1909f56bfc062723c751e8b465ee728b)
Start importing Assets/Prefabs/Tilemap/Tiles/Tiny Tower_398.asset using Guid(45afa435dc371b149b9b54d67f390400) Importer(815301076,1909f56bfc062723c751e8b465ee728b)  -> (artifact id: '3fb6df6d763f51a29e3eeeb2d18bf7f6') in 0.012013 seconds
Number of updated asset objects reloaded before import = 0
Number of asset objects unloaded after import = 3
========================================================================
Received Import Request.
  Time since last request: 0.462449 seconds.
  path: Assets/Prefabs/Tilemap/Tiles/Tiny Tower_406.asset
  artifactKey: Guid(34b38ead6adb6cc4a8ad3659bd654709) Importer(815301076,1909f56bfc062723c751e8b465ee728b)
Start importing Assets/Prefabs/Tilemap/Tiles/Tiny Tower_406.asset using Guid(34b38ead6adb6cc4a8ad3659bd654709) Importer(815301076,1909f56bfc062723c751e8b465ee728b)  -> (artifact id: '981e401017ae2b3929d68144d41e4fba') in 0.011176 seconds
Number of updated asset objects reloaded before import = 0
Number of asset objects unloaded after import = 3
========================================================================
Received Import Request.
  Time since last request: 0.022086 seconds.
  path: Assets/Prefabs/Tilemap/Tiles/Tiny Tower_410.asset
  artifactKey: Guid(bf7ef418cd48c104cb085f1e02bc2526) Importer(815301076,1909f56bfc062723c751e8b465ee728b)
Start importing Assets/Prefabs/Tilemap/Tiles/Tiny Tower_410.asset using Guid(bf7ef418cd48c104cb085f1e02bc2526) Importer(815301076,1909f56bfc062723c751e8b465ee728b)  -> (artifact id: 'bf94740dfa3f89c6d0455652dea68d6d') in 0.011612 seconds
Number of updated asset objects reloaded before import = 0
Number of asset objects unloaded after import = 3
========================================================================
Received Import Request.
  Time since last request: 0.031223 seconds.
  path: Assets/Prefabs/Tilemap/Tiles/Tiny Tower_422.asset
  artifactKey: Guid(ddb82c293b3bde047b8d7f5968feb1e3) Importer(815301076,1909f56bfc062723c751e8b465ee728b)
Start importing Assets/Prefabs/Tilemap/Tiles/Tiny Tower_422.asset using Guid(ddb82c293b3bde047b8d7f5968feb1e3) Importer(815301076,1909f56bfc062723c751e8b465ee728b)  -> (artifact id: 'e46feb5f0cf49e45b5936770abdf3ae7') in 0.009805 seconds
Number of updated asset objects reloaded before import = 0
Number of asset objects unloaded after import = 3
========================================================================
Received Import Request.
  Time since last request: 0.338941 seconds.
  path: Assets/Prefabs/Tilemap/Tiles/Tiny Tower_436.asset
  artifactKey: Guid(4912f882781f4a946afed95321216807) Importer(815301076,1909f56bfc062723c751e8b465ee728b)
Start importing Assets/Prefabs/Tilemap/Tiles/Tiny Tower_436.asset using Guid(4912f882781f4a946afed95321216807) Importer(815301076,1909f56bfc062723c751e8b465ee728b)  -> (artifact id: 'cc54c4be0ee730a1e963fd769a3e7f30') in 0.009973 seconds
Number of updated asset objects reloaded before import = 0
Number of asset objects unloaded after import = 3
========================================================================
Received Import Request.
  Time since last request: 0.020341 seconds.
  path: Assets/Prefabs/Tilemap/Tiles/Tiny Tower_440.asset
  artifactKey: Guid(9e48534def8598a42a018ad649e3875d) Importer(815301076,1909f56bfc062723c751e8b465ee728b)
Start importing Assets/Prefabs/Tilemap/Tiles/Tiny Tower_440.asset using Guid(9e48534def8598a42a018ad649e3875d) Importer(815301076,1909f56bfc062723c751e8b465ee728b)  -> (artifact id: '1ecdb4dd852db270bde2a5908a61335e') in 0.010840 seconds
Number of updated asset objects reloaded before import = 0
Number of asset objects unloaded after import = 3
========================================================================
Received Import Request.
  Time since last request: 0.034386 seconds.
  path: Assets/Prefabs/Tilemap/Tiles/Tiny Tower_446.asset
  artifactKey: Guid(c9a1e030573d21744b3fff6d415ff0f0) Importer(815301076,1909f56bfc062723c751e8b465ee728b)
Start importing Assets/Prefabs/Tilemap/Tiles/Tiny Tower_446.asset using Guid(c9a1e030573d21744b3fff6d415ff0f0) Importer(815301076,1909f56bfc062723c751e8b465ee728b)  -> (artifact id: '73520585cf4274668041ac1b66df53c3') in 0.012228 seconds
Number of updated asset objects reloaded before import = 0
Number of asset objects unloaded after import = 3
========================================================================
Received Import Request.
  Time since last request: 0.299200 seconds.
  path: Assets/Prefabs/Tilemap/Tiles/Tiny Tower_492.asset
  artifactKey: Guid(64d450544348ebb418a7e56305ae43ce) Importer(815301076,1909f56bfc062723c751e8b465ee728b)
Start importing Assets/Prefabs/Tilemap/Tiles/Tiny Tower_492.asset using Guid(64d450544348ebb418a7e56305ae43ce) Importer(815301076,1909f56bfc062723c751e8b465ee728b)  -> (artifact id: 'b7980020f82a8f97b0aa833c3d12da29') in 0.008780 seconds
Number of updated asset objects reloaded before import = 0
Number of asset objects unloaded after import = 3
========================================================================
Received Import Request.
  Time since last request: 0.095591 seconds.
  path: Assets/Prefabs/Tilemap/Tiles/Tiny Tower_498.asset
  artifactKey: Guid(2767c24e1fd96e447a7bed96675aaaf0) Importer(815301076,1909f56bfc062723c751e8b465ee728b)
Start importing Assets/Prefabs/Tilemap/Tiles/Tiny Tower_498.asset using Guid(2767c24e1fd96e447a7bed96675aaaf0) Importer(815301076,1909f56bfc062723c751e8b465ee728b)  -> (artifact id: 'e3ee64bccb1068dbe5979e65c4276b4b') in 0.010236 seconds
Number of updated asset objects reloaded before import = 0
Number of asset objects unloaded after import = 3
========================================================================
Received Import Request.
  Time since last request: 0.271219 seconds.
  path: Assets/Prefabs/Tilemap/Tiles/Tiny Tower_502.asset
  artifactKey: Guid(2398f31ad7845784aae2f5077bbf8006) Importer(815301076,1909f56bfc062723c751e8b465ee728b)
Start importing Assets/Prefabs/Tilemap/Tiles/Tiny Tower_502.asset using Guid(2398f31ad7845784aae2f5077bbf8006) Importer(815301076,1909f56bfc062723c751e8b465ee728b)  -> (artifact id: 'f02676b43109e920d1f5a663a1f35fbf') in 0.010125 seconds
Number of updated asset objects reloaded before import = 0
Number of asset objects unloaded after import = 3
========================================================================
Received Import Request.
  Time since last request: 0.177368 seconds.
  path: Assets/Prefabs/Tilemap/Tiles/Tiny Tower_508.asset
  artifactKey: Guid(818f7079935964540843c3db9defddca) Importer(815301076,1909f56bfc062723c751e8b465ee728b)
Start importing Assets/Prefabs/Tilemap/Tiles/Tiny Tower_508.asset using Guid(818f7079935964540843c3db9defddca) Importer(815301076,1909f56bfc062723c751e8b465ee728b)  -> (artifact id: 'd8ff2d42a24fc305c8472aafc8a2f652') in 0.010380 seconds
Number of updated asset objects reloaded before import = 0
Number of asset objects unloaded after import = 3
========================================================================
Received Import Request.
  Time since last request: 0.123206 seconds.
  path: Assets/Prefabs/Tilemap/Tiles/Tiny Tower_512.asset
  artifactKey: Guid(d10f96be96a7f7946b317b42f27a4846) Importer(815301076,1909f56bfc062723c751e8b465ee728b)
Start importing Assets/Prefabs/Tilemap/Tiles/Tiny Tower_512.asset using Guid(d10f96be96a7f7946b317b42f27a4846) Importer(815301076,1909f56bfc062723c751e8b465ee728b)  -> (artifact id: 'e92422b20c5e723ab1574872f9d31c1b') in 0.010072 seconds
Number of updated asset objects reloaded before import = 0
Number of asset objects unloaded after import = 3
========================================================================
Received Import Request.
  Time since last request: 0.322095 seconds.
  path: Assets/Prefabs/Tilemap/Tiles/Tiny Tower_532.asset
  artifactKey: Guid(dd81c8a8e5363f94ea69b52799f77e9b) Importer(815301076,1909f56bfc062723c751e8b465ee728b)
Start importing Assets/Prefabs/Tilemap/Tiles/Tiny Tower_532.asset using Guid(dd81c8a8e5363f94ea69b52799f77e9b) Importer(815301076,1909f56bfc062723c751e8b465ee728b)  -> (artifact id: 'e75d783be3f264f86ada8ee886f6f7b1') in 0.004831 seconds
Number of updated asset objects reloaded before import = 0
Number of asset objects unloaded after import = 3
========================================================================
Received Import Request.
  Time since last request: 0.075897 seconds.
  path: Assets/Prefabs/Tilemap/Tiles/Tiny Tower_563.asset
  artifactKey: Guid(d95cb0f2cfee5744fb56ceda41ae446f) Importer(815301076,1909f56bfc062723c751e8b465ee728b)
Start importing Assets/Prefabs/Tilemap/Tiles/Tiny Tower_563.asset using Guid(d95cb0f2cfee5744fb56ceda41ae446f) Importer(815301076,1909f56bfc062723c751e8b465ee728b)  -> (artifact id: '736e61644a9e38d979e4ec29e5d72129') in 0.010521 seconds
Number of updated asset objects reloaded before import = 0
Number of asset objects unloaded after import = 3
========================================================================
Received Import Request.
  Time since last request: 0.312444 seconds.
  path: Assets/Prefabs/Tilemap/Tiles/Tiny Tower_569.asset
  artifactKey: Guid(2087ffedb15579a40aed4c5a00eaee7b) Importer(815301076,1909f56bfc062723c751e8b465ee728b)
Start importing Assets/Prefabs/Tilemap/Tiles/Tiny Tower_569.asset using Guid(2087ffedb15579a40aed4c5a00eaee7b) Importer(815301076,1909f56bfc062723c751e8b465ee728b)  -> (artifact id: '1b69cb36a8e6e388df0a9482a1fa79d5') in 0.010067 seconds
Number of updated asset objects reloaded before import = 0
Number of asset objects unloaded after import = 3
========================================================================
Received Import Request.
  Time since last request: 0.032066 seconds.
  path: Assets/Prefabs/Tilemap/Tiles/Tiny Tower_573.asset
  artifactKey: Guid(c76869488e2a33649bbb707c3ee292db) Importer(815301076,1909f56bfc062723c751e8b465ee728b)
Start importing Assets/Prefabs/Tilemap/Tiles/Tiny Tower_573.asset using Guid(c76869488e2a33649bbb707c3ee292db) Importer(815301076,1909f56bfc062723c751e8b465ee728b)  -> (artifact id: '46a38789dfa62bfa783bdb240b33ac8e') in 0.010217 seconds
Number of updated asset objects reloaded before import = 0
Number of asset objects unloaded after import = 3
========================================================================
Received Import Request.
  Time since last request: 0.079301 seconds.
  path: Assets/Prefabs/Tilemap/Tiles/Tiny Tower_583.asset
  artifactKey: Guid(a12899e656d6390448d54cb83a3714c8) Importer(815301076,1909f56bfc062723c751e8b465ee728b)
Start importing Assets/Prefabs/Tilemap/Tiles/Tiny Tower_583.asset using Guid(a12899e656d6390448d54cb83a3714c8) Importer(815301076,1909f56bfc062723c751e8b465ee728b)  -> (artifact id: 'faf6ea468858aef73fa36f359c858f57') in 0.010553 seconds
Number of updated asset objects reloaded before import = 0
Number of asset objects unloaded after import = 3
========================================================================
Received Import Request.
  Time since last request: 0.272607 seconds.
  path: Assets/Prefabs/Tilemap/Tiles/Tiny Tower_587.asset
  artifactKey: Guid(8ed65bc4404bfef4cb7692a6b559fc8a) Importer(815301076,1909f56bfc062723c751e8b465ee728b)
Start importing Assets/Prefabs/Tilemap/Tiles/Tiny Tower_587.asset using Guid(8ed65bc4404bfef4cb7692a6b559fc8a) Importer(815301076,1909f56bfc062723c751e8b465ee728b)  -> (artifact id: 'afe872cb747217513acf23a345d6579b') in 0.010351 seconds
Number of updated asset objects reloaded before import = 0
Number of asset objects unloaded after import = 3
========================================================================
Received Prepare
Begin MonoManager ReloadAssembly
Symbol file LoadedFromMemory is not a mono symbol file
- Loaded All Assemblies, in  0.513 seconds
Refreshing native plugins compatible for Editor in 7.35 ms, found 3 plugins.
Native extension for WindowsStandalone target not found
[Package Manager] Server::EnsureServerProcessIsRunning -- launch failed, reason: Unity was launched with the -noUpm command-line argument
[Package Manager] UpmClient::Send -- Unable to send message (not connected to UPM process).
[Package Manager] Cannot connect to Unity Package Manager local server
Mono: successfully reloaded assembly
- Finished resetting the current domain, in  0.956 seconds
Domain Reload Profiling: 1466ms
	BeginReloadAssembly (153ms)
		ExecutionOrderSort (0ms)
		DisableScriptedObjects (4ms)
		BackupInstance (0ms)
		ReleaseScriptingObjects (0ms)
		CreateAndSetChildDomain (44ms)
	RebuildCommonClasses (27ms)
	RebuildNativeTypeToScriptingClass (9ms)
	initialDomainReloadingComplete (23ms)
	LoadAllAssembliesAndSetupDomain (298ms)
		LoadAssemblies (350ms)
		RebuildTransferFunctionScriptingTraits (0ms)
		AnalyzeDomain (25ms)
			TypeCache.Refresh (10ms)
				TypeCache.ScanAssembly (0ms)
			ScanForSourceGeneratedMonoScriptInfo (0ms)
			ResolveRequiredComponents (13ms)
	FinalizeReload (956ms)
		ReleaseScriptCaches (0ms)
		RebuildScriptCaches (0ms)
		SetupLoadedEditorAssemblies (405ms)
			LogAssemblyErrors (0ms)
			InitializePlatformSupportModulesInManaged (4ms)
			SetLoadedEditorAssemblies (4ms)
			RefreshPlugins (0ms)
			BeforeProcessingInitializeOnLoad (66ms)
			ProcessInitializeOnLoadAttributes (251ms)
			ProcessInitializeOnLoadMethodAttributes (73ms)
			AfterProcessingInitializeOnLoad (7ms)
			EditorAssembliesLoaded (0ms)
		ExecutionOrderSort2 (0ms)
		AwakeInstancesAfterBackupRestoration (7ms)
Refreshing native plugins compatible for Editor in 6.92 ms, found 3 plugins.
Preloading 0 native plugins for Editor in 0.00 ms.
Unloading 5668 Unused Serialized files (Serialized files now loaded: 0)
Unloading 66 unused Assets / (330.3 KB). Loaded Objects now: 6267.
Memory consumption went from 194.2 MB to 193.9 MB.
Total: 3.891400 ms (FindLiveObjects: 0.654700 ms CreateObjectMapping: 0.169400 ms MarkObjects: 2.899300 ms  DeleteObjects: 0.166800 ms)

Prepare: number of updated asset objects reloaded= 0
AssetImportParameters requested are different than current active one (requested -> active):
  custom:container-demuxer-ogg: 62fdf1f143b41e24485cea50d1cbac27 -> 
  custom:video-codec-MediaFoundation-h265: 746d11721c4dcdbdad8f713fa42b33f4 -> 
  custom:video-decoder-ogg-theora: a1e56fd34408186e4bbccfd4996cb3dc -> 
  custom:framework-win-MediaFoundation: 216162199b28c13a410421893ffa2e32 -> 
  custom:CustomObjectIndexerAttribute: a3ef5dd2817f97addfee359851a9dba5 -> 
  custom:container-demuxer-webm: 4f35f7cbe854078d1ac9338744f61a02 -> 
  custom:container-muxer-webm: aa71ff27fc2769a1b78a27578f13a17b -> 
  custom:video-decoder-webm-vp8: 9c59270c3fd7afecdb556c50c9e8de78 -> 
  custom:SearchIndexIgnoredProperties: e643bd26f0fe6173181afceb89e7c659 -> 
  custom:AudioImporter_EditorPlatform: d09bf68614088b80899f8185d706f6e7 -> 
  custom:video-encoder-webm-vp8: eb34c28f22e8b96e1ab97ce403110664 -> 
  custom:audio-decoder-ogg-vorbis: bf7c407c2cedff20999df2af8eb42d56 -> 
  custom:audio-encoder-webm-vorbis: bf7c407c2cedff20999df2af8eb42d56 -> 
Editor requested this worker to shutdown with reason: Scaling down because of idle timeout
TcpMessagingSession - receive error: operation aborted. errorcode: 995, details: Lopration dentre/sortie a t abandonne en raison de larrt dun thread ou  la demande dune application.
AssetImportWorker is now disconnected from the server
Process exiting
Exiting without the bug reporter. Application will terminate with return code 0